# JRE version: OpenJDK Runtime Environment (7.0_79-b14) (build 1.7.0_79-b14)
# Java VM: OpenJDK Server VM (24.79-b02 mixed mode linux-x86 )
Heap
 PSYoungGen      total 71424K, used 8950K [0x9dd80000, 0xa2d00000, 0xb3300000)
  eden space 62464K, 0% used [0x9dd80000,0x9dd80000,0xa1a80000)
  from space 8960K, 99% used [0xa1a80000,0xa233d8c0,0xa2340000)
  to   space 7936K, 0% used [0xa2340000,0xa2340000,0xa2b00000)
 ParOldGen       total 41728K, used 20867K [0x73300000, 0x75bc0000, 0x9dd80000)
  object space 41728K, 50% used [0x73300000,0x74760e50,0x75bc0000)
 PSPermGen       total 16384K, used 4145K [0x6b300000, 0x6c300000, 0x73300000)
  object space 16384K, 25% used [0x6b300000,0x6b70c5a0,0x6c300000)
GC Heap History (10 events):
Event: 7.765 GC heap after
Heap after GC invocations=2 (full 0):
 PSYoungGen      total 18432K, used 2554K [0x9dd80000, 0xa0180000, 0xb3300000)
  eden space 15872K, 0% used [0x9dd80000,0x9dd80000,0x9ed00000)
  from space 2560K, 99% used [0x9ef80000,0x9f1feae0,0x9f200000)
  to   space 2560K, 0% used [0x9ed00000,0x9ed00000,0x9ef80000)
 ParOldGen       total 41728K, used 4147K [0x73300000, 0x75bc0000, 0x9dd80000)
  object space 41728K, 9% used [0x73300000,0x7370cf90,0x75bc0000)
 PSPermGen       total 16384K, used 4037K [0x6b300000, 0x6c300000, 0x73300000)
  object space 16384K, 24% used [0x6b300000,0x6b6f1400,0x6c300000)
}
Event: 10.098 GC heap before
{Heap before GC invocations=3 (full 0):
 PSYoungGen      total 18432K, used 18426K [0x9dd80000, 0xa0180000, 0xb3300000)
  eden space 15872K, 100% used [0x9dd80000,0x9ed00000,0x9ed00000)
  from space 2560K, 99% used [0x9ef80000,0x9f1feae0,0x9f200000)
  to   space 2560K, 0% used [0x9ed00000,0x9ed00000,0x9ef80000)
 ParOldGen       total 41728K, used 4147K [0x73300000, 0x75bc0000, 0x9dd80000)
  object space 41728K, 9% used [0x73300000,0x7370cf90,0x75bc0000)
 PSPermGen       total 16384K, used 4072K [0x6b300000, 0x6c300000, 0x73300000)
  object space 16384K, 24% used [0x6b300000,0x6b6fa2d8,0x6c300000)
Event: 10.156 GC heap after
Heap after GC invocations=3 (full 0):
 PSYoungGen      total 18432K, used 2554K [0x9dd80000, 0xa0180000, 0xb3300000)
  eden space 15872K, 0% used [0x9dd80000,0x9dd80000,0x9ed00000)
  from space 2560K, 99% used [0x9ed00000,0x9ef7eb20,0x9ef80000)
  to   space 2560K, 0% used [0x9ff00000,0x9ff00000,0xa0180000)
 ParOldGen       total 41728K, used 6949K [0x73300000, 0x75bc0000, 0x9dd80000)
  object space 41728K, 16% used [0x73300000,0x739c9410,0x75bc0000)
 PSPermGen       total 16384K, used 4072K [0x6b300000, 0x6c300000, 0x73300000)
  object space 16384K, 24% used [0x6b300000,0x6b6fa2d8,0x6c300000)
}
Event: 12.193 GC heap before
{Heap before GC invocations=4 (full 0):
 PSYoungGen      total 18432K, used 18426K [0x9dd80000, 0xa0180000, 0xb3300000)
  eden space 15872K, 100% used [0x9dd80000,0x9ed00000,0x9ed00000)
  from space 2560K, 99% used [0x9ed00000,0x9ef7eb20,0x9ef80000)
  to   space 2560K, 0% used [0x9ff00000,0x9ff00000,0xa0180000)
 ParOldGen       total 41728K, used 6949K [0x73300000, 0x75bc0000, 0x9dd80000)
  object space 41728K, 16% used [0x73300000,0x739c9410,0x75bc0000)
 PSPermGen       total 16384K, used 4091K [0x6b300000, 0x6c300000, 0x73300000)
  object space 16384K, 24% used [0x6b300000,0x6b6fec90,0x6c300000)
Event: 12.266 GC heap after
Heap after GC invocations=4 (full 0):
 PSYoungGen      total 34304K, used 2554K [0x9dd80000, 0xa0180000, 0xb3300000)
  eden space 31744K, 0% used [0x9dd80000,0x9dd80000,0x9fc80000)
  from space 2560K, 99% used [0x9ff00000,0xa017eb20,0xa0180000)
  to   space 2560K, 0% used [0x9fc80000,0x9fc80000,0x9ff00000)
 ParOldGen       total 41728K, used 9538K [0x73300000, 0x75bc0000, 0x9dd80000)
  object space 41728K, 22% used [0x73300000,0x73c50ac0,0x75bc0000)
 PSPermGen       total 16384K, used 4091K [0x6b300000, 0x6c300000, 0x73300000)
  object space 16384K, 24% used [0x6b300000,0x6b6fec90,0x6c300000)
}
Event: 16.087 GC heap before
{Heap before GC invocations=5 (full 0):
 PSYoungGen      total 34304K, used 34298K [0x9dd80000, 0xa0180000, 0xb3300000)
  eden space 31744K, 100% used [0x9dd80000,0x9fc80000,0x9fc80000)
  from space 2560K, 99% used [0x9ff00000,0xa017eb20,0xa0180000)
  to   space 2560K, 0% used [0x9fc80000,0x9fc80000,0x9ff00000)
 ParOldGen       total 41728K, used 9538K [0x73300000, 0x75bc0000, 0x9dd80000)
  object space 41728K, 22% used [0x73300000,0x73c50ac0,0x75bc0000)
 PSPermGen       total 16384K, used 4107K [0x6b300000, 0x6c300000, 0x73300000)
  object space 16384K, 25% used [0x6b300000,0x6b702c18,0x6c300000)
Event: 16.214 GC heap after
Heap after GC invocations=5 (full 0):
 PSYoungGen      total 34304K, used 2553K [0x9dd80000, 0xa2b00000, 0xb3300000)
  eden space 31744K, 0% used [0x9dd80000,0x9dd80000,0x9fc80000)
  from space 2560K, 99% used [0x9fc80000,0x9fefe718,0x9ff00000)
  to   space 7936K, 0% used [0xa2340000,0xa2340000,0xa2b00000)
 ParOldGen       total 41728K, used 14948K [0x73300000, 0x75bc0000, 0x9dd80000)
  object space 41728K, 35% used [0x73300000,0x74199000,0x75bc0000)
 PSPermGen       total 16384K, used 4107K [0x6b300000, 0x6c300000, 0x73300000)
  object space 16384K, 25% used [0x6b300000,0x6b702c18,0x6c300000)
}
Event: 19.249 GC heap before
{Heap before GC invocations=6 (full 0):
 PSYoungGen      total 34304K, used 34297K [0x9dd80000, 0xa2b00000, 0xb3300000)
  eden space 31744K, 100% used [0x9dd80000,0x9fc80000,0x9fc80000)
  from space 2560K, 99% used [0x9fc80000,0x9fefe718,0x9ff00000)
  to   space 7936K, 0% used [0xa2340000,0xa2340000,0xa2b00000)
 ParOldGen       total 41728K, used 14948K [0x73300000, 0x75bc0000, 0x9dd80000)
  object space 41728K, 35% used [0x73300000,0x74199000,0x75bc0000)
 PSPermGen       total 16384K, used 4132K [0x6b300000, 0x6c300000, 0x73300000)
  object space 16384K, 25% used [0x6b300000,0x6b709088,0x6c300000)
Event: 19.354 GC heap after
Heap after GC invocations=6 (full 0):
 PSYoungGen      total 70400K, used 7921K [0x9dd80000, 0xa2d00000, 0xb3300000)
  eden space 62464K, 0% used [0x9dd80000,0x9dd80000,0xa1a80000)
  from space 7936K, 99% used [0xa2340000,0xa2afc530,0xa2b00000)
  to   space 8960K, 0% used [0xa1a80000,0xa1a80000,0xa2340000)
 ParOldGen       total 41728K, used 15193K [0x73300000, 0x75bc0000, 0x9dd80000)
  object space 41728K, 36% used [0x73300000,0x741d64f8,0x75bc0000)
 PSPermGen       total 16384K, used 4132K [0x6b300000, 0x6c300000, 0x73300000)
  object space 16384K, 25% used [0x6b300000,0x6b709088,0x6c300000)
}
Event: 24.092 GC heap before
{Heap before GC invocations=7 (full 0):
 PSYoungGen      total 70400K, used 70385K [0x9dd80000, 0xa2d00000, 0xb3300000)
  eden space 62464K, 100% used [0x9dd80000,0xa1a80000,0xa1a80000)
  from space 7936K, 99% used [0xa2340000,0xa2afc530,0xa2b00000)
  to   space 8960K, 0% used [0xa1a80000,0xa1a80000,0xa2340000)
 ParOldGen       total 41728K, used 15193K [0x73300000, 0x75bc0000, 0x9dd80000)
  object space 41728K, 36% used [0x73300000,0x741d64f8,0x75bc0000)
 PSPermGen       total 16384K, used 4145K [0x6b300000, 0x6c300000, 0x73300000)
  object space 16384K, 25% used [0x6b300000,0x6b70c5a0,0x6c300000)

