# JRE version: OpenJDK Runtime Environment (7.0_79-b14) (build 1.7.0_79-b14)
# Java VM: OpenJDK Server VM (24.79-b02 mixed mode linux-x86 )
Heap
 PSYoungGen      total 66048K, used 2545K [0x9dd40000, 0xa2040000, 0xb32c0000)
  eden space 63488K, 0% used [0x9dd40000,0x9dd40000,0xa1b40000)
  from space 2560K, 99% used [0xa1b40000,0xa1dbc668,0xa1dc0000)
  to   space 2560K, 0% used [0xa1dc0000,0xa1dc0000,0xa2040000)
 ParOldGen       total 41728K, used 26604K [0x732c0000, 0x75b80000, 0x9dd40000)
  object space 41728K, 63% used [0x732c0000,0x74cbb3f8,0x75b80000)
 PSPermGen       total 16384K, used 4157K [0x6b2c0000, 0x6c2c0000, 0x732c0000)
  object space 16384K, 25% used [0x6b2c0000,0x6b6cf738,0x6c2c0000)
GC Heap History (9 events):
Event: 1.742 GC heap before
{Heap before GC invocations=1 (full 0):
 PSYoungGen      total 18432K, used 15872K [0x9dd40000, 0x9f1c0000, 0xb32c0000)
  eden space 15872K, 100% used [0x9dd40000,0x9ecc0000,0x9ecc0000)
  from space 2560K, 0% used [0x9ef40000,0x9ef40000,0x9f1c0000)
  to   space 2560K, 0% used [0x9ecc0000,0x9ecc0000,0x9ef40000)
 ParOldGen       total 41728K, used 0K [0x732c0000, 0x75b80000, 0x9dd40000)
  object space 41728K, 0% used [0x732c0000,0x732c0000,0x75b80000)
 PSPermGen       total 16384K, used 3968K [0x6b2c0000, 0x6c2c0000, 0x732c0000)
  object space 16384K, 24% used [0x6b2c0000,0x6b6a00e0,0x6c2c0000)
Event: 1.761 GC heap after
Heap after GC invocations=1 (full 0):
 PSYoungGen      total 18432K, used 2558K [0x9dd40000, 0xa0140000, 0xb32c0000)
  eden space 15872K, 0% used [0x9dd40000,0x9dd40000,0x9ecc0000)
  from space 2560K, 99% used [0x9ecc0000,0x9ef3fb18,0x9ef40000)
  to   space 2560K, 0% used [0x9fec0000,0x9fec0000,0xa0140000)
 ParOldGen       total 41728K, used 1671K [0x732c0000, 0x75b80000, 0x9dd40000)
  object space 41728K, 4% used [0x732c0000,0x73461f88,0x75b80000)
 PSPermGen       total 16384K, used 3968K [0x6b2c0000, 0x6c2c0000, 0x732c0000)
  object space 16384K, 24% used [0x6b2c0000,0x6b6a00e0,0x6c2c0000)
}
Event: 3.251 GC heap before
{Heap before GC invocations=2 (full 0):
 PSYoungGen      total 18432K, used 18430K [0x9dd40000, 0xa0140000, 0xb32c0000)
  eden space 15872K, 100% used [0x9dd40000,0x9ecc0000,0x9ecc0000)
  from space 2560K, 99% used [0x9ecc0000,0x9ef3fb18,0x9ef40000)
  to   space 2560K, 0% used [0x9fec0000,0x9fec0000,0xa0140000)
 ParOldGen       total 41728K, used 1671K [0x732c0000, 0x75b80000, 0x9dd40000)
  object space 41728K, 4% used [0x732c0000,0x73461f88,0x75b80000)
 PSPermGen       total 16384K, used 4067K [0x6b2c0000, 0x6c2c0000, 0x732c0000)
  object space 16384K, 24% used [0x6b2c0000,0x6b6b8f20,0x6c2c0000)
Event: 3.289 GC heap after
Heap after GC invocations=2 (full 0):
 PSYoungGen      total 34304K, used 2545K [0x9dd40000, 0xa0140000, 0xb32c0000)
  eden space 31744K, 0% used [0x9dd40000,0x9dd40000,0x9fc40000)
  from space 2560K, 99% used [0x9fec0000,0xa013c778,0xa0140000)
  to   space 2560K, 0% used [0x9fc40000,0x9fc40000,0x9fec0000)
 ParOldGen       total 41728K, used 4633K [0x732c0000, 0x75b80000, 0x9dd40000)
  object space 41728K, 11% used [0x732c0000,0x73746448,0x75b80000)
 PSPermGen       total 16384K, used 4067K [0x6b2c0000, 0x6c2c0000, 0x732c0000)
  object space 16384K, 24% used [0x6b2c0000,0x6b6b8f20,0x6c2c0000)
}
Event: 6.054 GC heap before
{Heap before GC invocations=3 (full 0):
 PSYoungGen      total 34304K, used 34289K [0x9dd40000, 0xa0140000, 0xb32c0000)
  eden space 31744K, 100% used [0x9dd40000,0x9fc40000,0x9fc40000)
  from space 2560K, 99% used [0x9fec0000,0xa013c778,0xa0140000)
  to   space 2560K, 0% used [0x9fc40000,0x9fc40000,0x9fec0000)
 ParOldGen       total 41728K, used 4633K [0x732c0000, 0x75b80000, 0x9dd40000)
  object space 41728K, 11% used [0x732c0000,0x73746448,0x75b80000)
 PSPermGen       total 16384K, used 4108K [0x6b2c0000, 0x6c2c0000, 0x732c0000)
  object space 16384K, 25% used [0x6b2c0000,0x6b6c33a0,0x6c2c0000)
Event: 6.129 GC heap after
Heap after GC invocations=3 (full 0):
 PSYoungGen      total 34304K, used 2554K [0x9dd40000, 0xa2040000, 0xb32c0000)
  eden space 31744K, 0% used [0x9dd40000,0x9dd40000,0x9fc40000)
  from space 2560K, 99% used [0x9fc40000,0x9febebe8,0x9fec0000)
  to   space 2560K, 0% used [0xa1dc0000,0xa1dc0000,0xa2040000)
 ParOldGen       total 41728K, used 10208K [0x732c0000, 0x75b80000, 0x9dd40000)
  object space 41728K, 24% used [0x732c0000,0x73cb8190,0x75b80000)
 PSPermGen       total 16384K, used 4108K [0x6b2c0000, 0x6c2c0000, 0x732c0000)
  object space 16384K, 25% used [0x6b2c0000,0x6b6c33a0,0x6c2c0000)
}
Event: 8.731 GC heap before
{Heap before GC invocations=4 (full 0):
 PSYoungGen      total 34304K, used 34298K [0x9dd40000, 0xa2040000, 0xb32c0000)
  eden space 31744K, 100% used [0x9dd40000,0x9fc40000,0x9fc40000)
  from space 2560K, 99% used [0x9fc40000,0x9febebe8,0x9fec0000)
  to   space 2560K, 0% used [0xa1dc0000,0xa1dc0000,0xa2040000)
 ParOldGen       total 41728K, used 10208K [0x732c0000, 0x75b80000, 0x9dd40000)
  object space 41728K, 24% used [0x732c0000,0x73cb8190,0x75b80000)
 PSPermGen       total 16384K, used 4122K [0x6b2c0000, 0x6c2c0000, 0x732c0000)
  object space 16384K, 25% used [0x6b2c0000,0x6b6c6ba8,0x6c2c0000)
Event: 9.278 GC heap after
Heap after GC invocations=4 (full 0):
 PSYoungGen      total 66048K, used 2556K [0x9dd40000, 0xa2040000, 0xb32c0000)
  eden space 63488K, 0% used [0x9dd40000,0x9dd40000,0xa1b40000)
  from space 2560K, 99% used [0xa1dc0000,0xa203f2e8,0xa2040000)
  to   space 2560K, 0% used [0xa1b40000,0xa1b40000,0xa1dc0000)
 ParOldGen       total 41728K, used 15641K [0x732c0000, 0x75b80000, 0x9dd40000)
  object space 41728K, 37% used [0x732c0000,0x74206648,0x75b80000)
 PSPermGen       total 16384K, used 4122K [0x6b2c0000, 0x6c2c0000, 0x732c0000)
  object space 16384K, 25% used [0x6b2c0000,0x6b6c6ba8,0x6c2c0000)
}
Event: 142.621 GC heap before
{Heap before GC invocations=5 (full 0):
 PSYoungGen      total 66048K, used 66044K [0x9dd40000, 0xa2040000, 0xb32c0000)
  eden space 63488K, 100% used [0x9dd40000,0xa1b40000,0xa1b40000)
  from space 2560K, 99% used [0xa1dc0000,0xa203f2e8,0xa2040000)
  to   space 2560K, 0% used [0xa1b40000,0xa1b40000,0xa1dc0000)
 ParOldGen       total 41728K, used 15641K [0x732c0000, 0x75b80000, 0x9dd40000)
  object space 41728K, 37% used [0x732c0000,0x74206648,0x75b80000)
 PSPermGen       total 16384K, used 4157K [0x6b2c0000, 0x6c2c0000, 0x732c0000)
  object space 16384K, 25% used [0x6b2c0000,0x6b6cf738,0x6c2c0000)

