# JRE version: OpenJDK Runtime Environment (7.0_79-b14) (build 1.7.0_79-b14)
# Java VM: OpenJDK Server VM (24.79-b02 mixed mode linux-x86 )
Heap
 PSYoungGen      total 140288K, used 15102K [0x9dcc0000, 0xa7640000, 0xb3240000)
  eden space 125184K, 0% used [0x9dcc0000,0x9dcc0000,0xa5700000)
  from space 15104K, 99% used [0xa5700000,0xa65bfbb8,0xa65c0000)
  to   space 13312K, 0% used [0xa65c0000,0xa65c0000,0xa72c0000)
 ParOldGen       total 41728K, used 40559K [0x73240000, 0x75b00000, 0x9dcc0000)
  object space 41728K, 97% used [0x73240000,0x759dbf20,0x75b00000)
 PSPermGen       total 16384K, used 4217K [0x6b240000, 0x6c240000, 0x73240000)
  object space 16384K, 25% used [0x6b240000,0x6b65e740,0x6c240000)
GC Heap History (10 events):
Event: 3.157 GC heap after
Heap after GC invocations=2 (full 0):
 PSYoungGen      total 34304K, used 2547K [0x9dcc0000, 0xa00c0000, 0xb3240000)
  eden space 31744K, 0% used [0x9dcc0000,0x9dcc0000,0x9fbc0000)
  from space 2560K, 99% used [0x9fe40000,0xa00bcf90,0xa00c0000)
  to   space 2560K, 0% used [0x9fbc0000,0x9fbc0000,0x9fe40000)
 ParOldGen       total 41728K, used 4433K [0x73240000, 0x75b00000, 0x9dcc0000)
  object space 41728K, 10% used [0x73240000,0x73694778,0x75b00000)
 PSPermGen       total 16384K, used 4067K [0x6b240000, 0x6c240000, 0x73240000)
  object space 16384K, 24% used [0x6b240000,0x6b638c00,0x6c240000)
}
Event: 6.578 GC heap before
{Heap before GC invocations=3 (full 0):
 PSYoungGen      total 34304K, used 34291K [0x9dcc0000, 0xa00c0000, 0xb3240000)
  eden space 31744K, 100% used [0x9dcc0000,0x9fbc0000,0x9fbc0000)
  from space 2560K, 99% used [0x9fe40000,0xa00bcf90,0xa00c0000)
  to   space 2560K, 0% used [0x9fbc0000,0x9fbc0000,0x9fe40000)
 ParOldGen       total 41728K, used 4433K [0x73240000, 0x75b00000, 0x9dcc0000)
  object space 41728K, 10% used [0x73240000,0x73694778,0x75b00000)
 PSPermGen       total 16384K, used 4105K [0x6b240000, 0x6c240000, 0x73240000)
  object space 16384K, 25% used [0x6b240000,0x6b642548,0x6c240000)
Event: 6.660 GC heap after
Heap after GC invocations=3 (full 0):
 PSYoungGen      total 34304K, used 2550K [0x9dcc0000, 0xa1fc0000, 0xb3240000)
  eden space 31744K, 0% used [0x9dcc0000,0x9dcc0000,0x9fbc0000)
  from space 2560K, 99% used [0x9fbc0000,0x9fe3d800,0x9fe40000)
  to   space 2560K, 0% used [0xa1d40000,0xa1d40000,0xa1fc0000)
 ParOldGen       total 41728K, used 10305K [0x73240000, 0x75b00000, 0x9dcc0000)
  object space 41728K, 24% used [0x73240000,0x73c50570,0x75b00000)
 PSPermGen       total 16384K, used 4105K [0x6b240000, 0x6c240000, 0x73240000)
  object space 16384K, 25% used [0x6b240000,0x6b642548,0x6c240000)
}
Event: 9.792 GC heap before
{Heap before GC invocations=4 (full 0):
 PSYoungGen      total 34304K, used 34294K [0x9dcc0000, 0xa1fc0000, 0xb3240000)
  eden space 31744K, 100% used [0x9dcc0000,0x9fbc0000,0x9fbc0000)
  from space 2560K, 99% used [0x9fbc0000,0x9fe3d800,0x9fe40000)
  to   space 2560K, 0% used [0xa1d40000,0xa1d40000,0xa1fc0000)
 ParOldGen       total 41728K, used 10305K [0x73240000, 0x75b00000, 0x9dcc0000)
  object space 41728K, 24% used [0x73240000,0x73c50570,0x75b00000)
 PSPermGen       total 16384K, used 4123K [0x6b240000, 0x6c240000, 0x73240000)
  object space 16384K, 25% used [0x6b240000,0x6b646ce8,0x6c240000)
Event: 9.875 GC heap after
Heap after GC invocations=4 (full 0):
 PSYoungGen      total 66048K, used 2546K [0x9dcc0000, 0xa1fc0000, 0xb3240000)
  eden space 63488K, 0% used [0x9dcc0000,0x9dcc0000,0xa1ac0000)
  from space 2560K, 99% used [0xa1d40000,0xa1fbc808,0xa1fc0000)
  to   space 2560K, 0% used [0xa1ac0000,0xa1ac0000,0xa1d40000)
 ParOldGen       total 41728K, used 15807K [0x73240000, 0x75b00000, 0x9dcc0000)
  object space 41728K, 37% used [0x73240000,0x741afda8,0x75b00000)
 PSPermGen       total 16384K, used 4123K [0x6b240000, 0x6c240000, 0x73240000)
  object space 16384K, 25% used [0x6b240000,0x6b646ce8,0x6c240000)
}
Event: 17.302 GC heap before
{Heap before GC invocations=5 (full 0):
 PSYoungGen      total 66048K, used 66034K [0x9dcc0000, 0xa1fc0000, 0xb3240000)
  eden space 63488K, 100% used [0x9dcc0000,0xa1ac0000,0xa1ac0000)
  from space 2560K, 99% used [0xa1d40000,0xa1fbc808,0xa1fc0000)
  to   space 2560K, 0% used [0xa1ac0000,0xa1ac0000,0xa1d40000)
 ParOldGen       total 41728K, used 15807K [0x73240000, 0x75b00000, 0x9dcc0000)
  object space 41728K, 37% used [0x73240000,0x741afda8,0x75b00000)
 PSPermGen       total 16384K, used 4148K [0x6b240000, 0x6c240000, 0x73240000)
  object space 16384K, 25% used [0x6b240000,0x6b64d0a8,0x6c240000)
Event: 17.461 GC heap after
Heap after GC invocations=5 (full 0):
 PSYoungGen      total 66048K, used 2550K [0x9dcc0000, 0xa72c0000, 0xb3240000)
  eden space 63488K, 0% used [0x9dcc0000,0x9dcc0000,0xa1ac0000)
  from space 2560K, 99% used [0xa1ac0000,0xa1d3da00,0xa1d40000)
  to   space 13312K, 0% used [0xa65c0000,0xa65c0000,0xa72c0000)
 ParOldGen       total 41728K, used 25556K [0x73240000, 0x75b00000, 0x9dcc0000)
  object space 41728K, 61% used [0x73240000,0x74b35008,0x75b00000)
 PSPermGen       total 16384K, used 4148K [0x6b240000, 0x6c240000, 0x73240000)
  object space 16384K, 25% used [0x6b240000,0x6b64d0a8,0x6c240000)
}
Event: 22.860 GC heap before
{Heap before GC invocations=6 (full 0):
 PSYoungGen      total 66048K, used 66038K [0x9dcc0000, 0xa72c0000, 0xb3240000)
  eden space 63488K, 100% used [0x9dcc0000,0xa1ac0000,0xa1ac0000)
  from space 2560K, 99% used [0xa1ac0000,0xa1d3da00,0xa1d40000)
  to   space 13312K, 0% used [0xa65c0000,0xa65c0000,0xa72c0000)
 ParOldGen       total 41728K, used 25556K [0x73240000, 0x75b00000, 0x9dcc0000)
  object space 41728K, 61% used [0x73240000,0x74b35008,0x75b00000)
 PSPermGen       total 16384K, used 4171K [0x6b240000, 0x6c240000, 0x73240000)
  object space 16384K, 25% used [0x6b240000,0x6b652c28,0x6c240000)
Event: 23.037 GC heap after
Heap after GC invocations=6 (full 0):
 PSYoungGen      total 138496K, used 12386K [0x9dcc0000, 0xa7640000, 0xb3240000)
  eden space 125184K, 0% used [0x9dcc0000,0x9dcc0000,0xa5700000)
  from space 13312K, 93% used [0xa65c0000,0xa71d8a48,0xa72c0000)
  to   space 15104K, 0% used [0xa5700000,0xa5700000,0xa65c0000)
 ParOldGen       total 41728K, used 25556K [0x73240000, 0x75b00000, 0x9dcc0000)
  object space 41728K, 61% used [0x73240000,0x74b35008,0x75b00000)
 PSPermGen       total 16384K, used 4171K [0x6b240000, 0x6c240000, 0x73240000)
  object space 16384K, 25% used [0x6b240000,0x6b652c28,0x6c240000)
}
Event: 28.181 GC heap before
{Heap before GC invocations=7 (full 0):
 PSYoungGen      total 138496K, used 137570K [0x9dcc0000, 0xa7640000, 0xb3240000)
  eden space 125184K, 100% used [0x9dcc0000,0xa5700000,0xa5700000)
  from space 13312K, 93% used [0xa65c0000,0xa71d8a48,0xa72c0000)
  to   space 15104K, 0% used [0xa5700000,0xa5700000,0xa65c0000)
 ParOldGen       total 41728K, used 25556K [0x73240000, 0x75b00000, 0x9dcc0000)
  object space 41728K, 61% used [0x73240000,0x74b35008,0x75b00000)
 PSPermGen       total 16384K, used 4217K [0x6b240000, 0x6c240000, 0x73240000)
  object space 16384K, 25% used [0x6b240000,0x6b65e740,0x6c240000)

