# JRE version: OpenJDK Runtime Environment (7.0_79-b14) (build 1.7.0_79-b14)
# Java VM: OpenJDK Server VM (24.79-b02 mixed mode linux-x86 )
Heap
 PSYoungGen      total 140032K, used 18167K [0x9ddc0000, 0xa7bc0000, 0xb3340000)
  eden space 121856K, 0% used [0x9ddc0000,0x9ddc0000,0xa54c0000)
  from space 18176K, 99% used [0xa54c0000,0xa667dfc0,0xa6680000)
  to   space 14592K, 0% used [0xa6680000,0xa6680000,0xa74c0000)
 ParOldGen       total 42752K, used 42573K [0x73340000, 0x75d00000, 0x9ddc0000)
  object space 42752K, 99% used [0x73340000,0x75cd3788,0x75d00000)
 PSPermGen       total 16384K, used 4220K [0x6b340000, 0x6c340000, 0x73340000)
  object space 16384K, 25% used [0x6b340000,0x6b75f368,0x6c340000)
GC Heap History (10 events):
Event: 14.496 GC heap after
Heap after GC invocations=4 (full 0):
 PSYoungGen      total 34304K, used 2544K [0x9ddc0000, 0xa01c0000, 0xb3340000)
  eden space 31744K, 0% used [0x9ddc0000,0x9ddc0000,0x9fcc0000)
  from space 2560K, 99% used [0x9ff40000,0xa01bc058,0xa01c0000)
  to   space 2560K, 0% used [0x9fcc0000,0x9fcc0000,0x9ff40000)
 ParOldGen       total 41728K, used 10645K [0x73340000, 0x75c00000, 0x9ddc0000)
  object space 41728K, 25% used [0x73340000,0x73da56e0,0x75c00000)
 PSPermGen       total 16384K, used 4104K [0x6b340000, 0x6c340000, 0x73340000)
  object space 16384K, 25% used [0x6b340000,0x6b7420f8,0x6c340000)
}
Event: 18.769 GC heap before
{Heap before GC invocations=5 (full 0):
 PSYoungGen      total 34304K, used 34288K [0x9ddc0000, 0xa01c0000, 0xb3340000)
  eden space 31744K, 100% used [0x9ddc0000,0x9fcc0000,0x9fcc0000)
  from space 2560K, 99% used [0x9ff40000,0xa01bc058,0xa01c0000)
  to   space 2560K, 0% used [0x9fcc0000,0x9fcc0000,0x9ff40000)
 ParOldGen       total 41728K, used 10645K [0x73340000, 0x75c00000, 0x9ddc0000)
  object space 41728K, 25% used [0x73340000,0x73da56e0,0x75c00000)
 PSPermGen       total 16384K, used 4122K [0x6b340000, 0x6c340000, 0x73340000)
  object space 16384K, 25% used [0x6b340000,0x6b746998,0x6c340000)
Event: 18.837 GC heap after
Heap after GC invocations=5 (full 0):
 PSYoungGen      total 34304K, used 2551K [0x9ddc0000, 0xa2c40000, 0xb3340000)
  eden space 31744K, 0% used [0x9ddc0000,0x9ddc0000,0x9fcc0000)
  from space 2560K, 99% used [0x9fcc0000,0x9ff3dc58,0x9ff40000)
  to   space 8448K, 0% used [0xa2400000,0xa2400000,0xa2c40000)
 ParOldGen       total 41728K, used 16425K [0x73340000, 0x75c00000, 0x9ddc0000)
  object space 41728K, 39% used [0x73340000,0x7434a788,0x75c00000)
 PSPermGen       total 16384K, used 4122K [0x6b340000, 0x6c340000, 0x73340000)
  object space 16384K, 25% used [0x6b340000,0x6b746998,0x6c340000)
}
Event: 22.705 GC heap before
{Heap before GC invocations=6 (full 0):
 PSYoungGen      total 34304K, used 34295K [0x9ddc0000, 0xa2c40000, 0xb3340000)
  eden space 31744K, 100% used [0x9ddc0000,0x9fcc0000,0x9fcc0000)
  from space 2560K, 99% used [0x9fcc0000,0x9ff3dc58,0x9ff40000)
  to   space 8448K, 0% used [0xa2400000,0xa2400000,0xa2c40000)
 ParOldGen       total 41728K, used 16425K [0x73340000, 0x75c00000, 0x9ddc0000)
  object space 41728K, 39% used [0x73340000,0x7434a788,0x75c00000)
 PSPermGen       total 16384K, used 4140K [0x6b340000, 0x6c340000, 0x73340000)
  object space 16384K, 25% used [0x6b340000,0x6b74b340,0x6c340000)
Event: 22.806 GC heap after
Heap after GC invocations=6 (full 0):
 PSYoungGen      total 71168K, used 7968K [0x9ddc0000, 0xa2dc0000, 0xb3340000)
  eden space 62720K, 0% used [0x9ddc0000,0x9ddc0000,0xa1b00000)
  from space 8448K, 94% used [0xa2400000,0xa2bc8068,0xa2c40000)
  to   space 9216K, 0% used [0xa1b00000,0xa1b00000,0xa2400000)
 ParOldGen       total 41728K, used 16425K [0x73340000, 0x75c00000, 0x9ddc0000)
  object space 41728K, 39% used [0x73340000,0x7434a788,0x75c00000)
 PSPermGen       total 16384K, used 4140K [0x6b340000, 0x6c340000, 0x73340000)
  object space 16384K, 25% used [0x6b340000,0x6b74b340,0x6c340000)
}
Event: 29.368 GC heap before
{Heap before GC invocations=7 (full 0):
 PSYoungGen      total 71168K, used 70688K [0x9ddc0000, 0xa2dc0000, 0xb3340000)
  eden space 62720K, 100% used [0x9ddc0000,0xa1b00000,0xa1b00000)
  from space 8448K, 94% used [0xa2400000,0xa2bc8068,0xa2c40000)
  to   space 9216K, 0% used [0xa1b00000,0xa1b00000,0xa2400000)
 ParOldGen       total 41728K, used 16425K [0x73340000, 0x75c00000, 0x9ddc0000)
  object space 41728K, 39% used [0x73340000,0x7434a788,0x75c00000)
 PSPermGen       total 16384K, used 4161K [0x6b340000, 0x6c340000, 0x73340000)
  object space 16384K, 25% used [0x6b340000,0x6b750660,0x6c340000)
Event: 29.569 GC heap after
Heap after GC invocations=7 (full 0):
 PSYoungGen      total 71936K, used 9211K [0x9ddc0000, 0xa74c0000, 0xb3340000)
  eden space 62720K, 0% used [0x9ddc0000,0x9ddc0000,0xa1b00000)
  from space 9216K, 99% used [0xa1b00000,0xa23fef10,0xa2400000)
  to   space 14592K, 0% used [0xa6680000,0xa6680000,0xa74c0000)
 ParOldGen       total 41728K, used 24766K [0x73340000, 0x75c00000, 0x9ddc0000)
  object space 41728K, 59% used [0x73340000,0x74b6fbf0,0x75c00000)
 PSPermGen       total 16384K, used 4161K [0x6b340000, 0x6c340000, 0x73340000)
  object space 16384K, 25% used [0x6b340000,0x6b750660,0x6c340000)
}
Event: 35.104 GC heap before
{Heap before GC invocations=8 (full 0):
 PSYoungGen      total 71936K, used 71931K [0x9ddc0000, 0xa74c0000, 0xb3340000)
  eden space 62720K, 100% used [0x9ddc0000,0xa1b00000,0xa1b00000)
  from space 9216K, 99% used [0xa1b00000,0xa23fef10,0xa2400000)
  to   space 14592K, 0% used [0xa6680000,0xa6680000,0xa74c0000)
 ParOldGen       total 41728K, used 24766K [0x73340000, 0x75c00000, 0x9ddc0000)
  object space 41728K, 59% used [0x73340000,0x74b6fbf0,0x75c00000)
 PSPermGen       total 16384K, used 4179K [0x6b340000, 0x6c340000, 0x73340000)
  object space 16384K, 25% used [0x6b340000,0x6b754f50,0x6c340000)
Event: 35.225 GC heap after
Heap after GC invocations=8 (full 0):
 PSYoungGen      total 136448K, used 14579K [0x9ddc0000, 0xa7bc0000, 0xb3340000)
  eden space 121856K, 0% used [0x9ddc0000,0x9ddc0000,0xa54c0000)
  from space 14592K, 99% used [0xa6680000,0xa74bcc68,0xa74c0000)
  to   space 18176K, 0% used [0xa54c0000,0xa54c0000,0xa6680000)
 ParOldGen       total 41728K, used 28360K [0x73340000, 0x75c00000, 0x9ddc0000)
  object space 41728K, 67% used [0x73340000,0x74ef2168,0x75c00000)
 PSPermGen       total 16384K, used 4179K [0x6b340000, 0x6c340000, 0x73340000)
  object space 16384K, 25% used [0x6b340000,0x6b754f50,0x6c340000)
}
Event: 42.185 GC heap before
{Heap before GC invocations=9 (full 0):
 PSYoungGen      total 136448K, used 136435K [0x9ddc0000, 0xa7bc0000, 0xb3340000)
  eden space 121856K, 100% used [0x9ddc0000,0xa54c0000,0xa54c0000)
  from space 14592K, 99% used [0xa6680000,0xa74bcc68,0xa74c0000)
  to   space 18176K, 0% used [0xa54c0000,0xa54c0000,0xa6680000)
 ParOldGen       total 41728K, used 28360K [0x73340000, 0x75c00000, 0x9ddc0000)
  object space 41728K, 67% used [0x73340000,0x74ef2168,0x75c00000)
 PSPermGen       total 16384K, used 4220K [0x6b340000, 0x6c340000, 0x73340000)
  object space 16384K, 25% used [0x6b340000,0x6b75f368,0x6c340000)

