# JRE version: OpenJDK Runtime Environment (7.0_79-b14) (build 1.7.0_79-b14)
# Java VM: OpenJDK Server VM (24.79-b02 mixed mode linux-x86 )
Heap
 PSYoungGen      total 140800K, used 15103K [0x9ddc0000, 0xa7740000, 0xb3340000)
  eden space 125696K, 0% used [0x9ddc0000,0x9ddc0000,0xa5880000)
  from space 15104K, 99% used [0xa5880000,0xa673fc78,0xa6740000)
  to   space 13824K, 0% used [0xa6740000,0xa6740000,0xa74c0000)
 ParOldGen       total 41728K, used 40763K [0x73340000, 0x75c00000, 0x9ddc0000)
  object space 41728K, 97% used [0x73340000,0x75b0ee08,0x75c00000)
 PSPermGen       total 16384K, used 4219K [0x6b340000, 0x6c340000, 0x73340000)
  object space 16384K, 25% used [0x6b340000,0x6b75ed20,0x6c340000)
GC Heap History (10 events):
Event: 4.430 GC heap after
Heap after GC invocations=2 (full 0):
 PSYoungGen      total 34304K, used 2545K [0x9ddc0000, 0xa01c0000, 0xb3340000)
  eden space 31744K, 0% used [0x9ddc0000,0x9ddc0000,0x9fcc0000)
  from space 2560K, 99% used [0x9ff40000,0xa01bc578,0xa01c0000)
  to   space 2560K, 0% used [0x9fcc0000,0x9fcc0000,0x9ff40000)
 ParOldGen       total 41728K, used 4443K [0x73340000, 0x75c00000, 0x9ddc0000)
  object space 41728K, 10% used [0x73340000,0x73796fe0,0x75c00000)
 PSPermGen       total 16384K, used 4066K [0x6b340000, 0x6c340000, 0x73340000)
  object space 16384K, 24% used [0x6b340000,0x6b738990,0x6c340000)
}
Event: 7.785 GC heap before
{Heap before GC invocations=3 (full 0):
 PSYoungGen      total 34304K, used 34289K [0x9ddc0000, 0xa01c0000, 0xb3340000)
  eden space 31744K, 100% used [0x9ddc0000,0x9fcc0000,0x9fcc0000)
  from space 2560K, 99% used [0x9ff40000,0xa01bc578,0xa01c0000)
  to   space 2560K, 0% used [0x9fcc0000,0x9fcc0000,0x9ff40000)
 ParOldGen       total 41728K, used 4443K [0x73340000, 0x75c00000, 0x9ddc0000)
  object space 41728K, 10% used [0x73340000,0x73796fe0,0x75c00000)
 PSPermGen       total 16384K, used 4108K [0x6b340000, 0x6c340000, 0x73340000)
  object space 16384K, 25% used [0x6b340000,0x6b7430c0,0x6c340000)
Event: 7.856 GC heap after
Heap after GC invocations=3 (full 0):
 PSYoungGen      total 34304K, used 2558K [0x9ddc0000, 0xa20c0000, 0xb3340000)
  eden space 31744K, 0% used [0x9ddc0000,0x9ddc0000,0x9fcc0000)
  from space 2560K, 99% used [0x9fcc0000,0x9ff3f8f0,0x9ff40000)
  to   space 2560K, 0% used [0xa1e40000,0xa1e40000,0xa20c0000)
 ParOldGen       total 41728K, used 10115K [0x73340000, 0x75c00000, 0x9ddc0000)
  object space 41728K, 24% used [0x73340000,0x73d20e10,0x75c00000)
 PSPermGen       total 16384K, used 4108K [0x6b340000, 0x6c340000, 0x73340000)
  object space 16384K, 25% used [0x6b340000,0x6b7430c0,0x6c340000)
}
Event: 11.211 GC heap before
{Heap before GC invocations=4 (full 0):
 PSYoungGen      total 34304K, used 34302K [0x9ddc0000, 0xa20c0000, 0xb3340000)
  eden space 31744K, 100% used [0x9ddc0000,0x9fcc0000,0x9fcc0000)
  from space 2560K, 99% used [0x9fcc0000,0x9ff3f8f0,0x9ff40000)
  to   space 2560K, 0% used [0xa1e40000,0xa1e40000,0xa20c0000)
 ParOldGen       total 41728K, used 10115K [0x73340000, 0x75c00000, 0x9ddc0000)
  object space 41728K, 24% used [0x73340000,0x73d20e10,0x75c00000)
 PSPermGen       total 16384K, used 4124K [0x6b340000, 0x6c340000, 0x73340000)
  object space 16384K, 25% used [0x6b340000,0x6b747178,0x6c340000)
Event: 11.310 GC heap after
Heap after GC invocations=4 (full 0):
 PSYoungGen      total 66048K, used 2547K [0x9ddc0000, 0xa20c0000, 0xb3340000)
  eden space 63488K, 0% used [0x9ddc0000,0x9ddc0000,0xa1bc0000)
  from space 2560K, 99% used [0xa1e40000,0xa20bce80,0xa20c0000)
  to   space 2560K, 0% used [0xa1bc0000,0xa1bc0000,0xa1e40000)
 ParOldGen       total 41728K, used 15620K [0x73340000, 0x75c00000, 0x9ddc0000)
  object space 41728K, 37% used [0x73340000,0x74281078,0x75c00000)
 PSPermGen       total 16384K, used 4124K [0x6b340000, 0x6c340000, 0x73340000)
  object space 16384K, 25% used [0x6b340000,0x6b747178,0x6c340000)
}
Event: 17.453 GC heap before
{Heap before GC invocations=5 (full 0):
 PSYoungGen      total 66048K, used 66035K [0x9ddc0000, 0xa20c0000, 0xb3340000)
  eden space 63488K, 100% used [0x9ddc0000,0xa1bc0000,0xa1bc0000)
  from space 2560K, 99% used [0xa1e40000,0xa20bce80,0xa20c0000)
  to   space 2560K, 0% used [0xa1bc0000,0xa1bc0000,0xa1e40000)
 ParOldGen       total 41728K, used 15620K [0x73340000, 0x75c00000, 0x9ddc0000)
  object space 41728K, 37% used [0x73340000,0x74281078,0x75c00000)
 PSPermGen       total 16384K, used 4159K [0x6b340000, 0x6c340000, 0x73340000)
  object space 16384K, 25% used [0x6b340000,0x6b74fc38,0x6c340000)
Event: 17.642 GC heap after
Heap after GC invocations=5 (full 0):
 PSYoungGen      total 66048K, used 2546K [0x9ddc0000, 0xa74c0000, 0xb3340000)
  eden space 63488K, 0% used [0x9ddc0000,0x9ddc0000,0xa1bc0000)
  from space 2560K, 99% used [0xa1bc0000,0xa1e3ca28,0xa1e40000)
  to   space 13824K, 0% used [0xa6740000,0xa6740000,0xa74c0000)
 ParOldGen       total 41728K, used 26160K [0x73340000, 0x75c00000, 0x9ddc0000)
  object space 41728K, 62% used [0x73340000,0x74ccc210,0x75c00000)
 PSPermGen       total 16384K, used 4159K [0x6b340000, 0x6c340000, 0x73340000)
  object space 16384K, 25% used [0x6b340000,0x6b74fc38,0x6c340000)
}
Event: 22.886 GC heap before
{Heap before GC invocations=6 (full 0):
 PSYoungGen      total 66048K, used 66034K [0x9ddc0000, 0xa74c0000, 0xb3340000)
  eden space 63488K, 100% used [0x9ddc0000,0xa1bc0000,0xa1bc0000)
  from space 2560K, 99% used [0xa1bc0000,0xa1e3ca28,0xa1e40000)
  to   space 13824K, 0% used [0xa6740000,0xa6740000,0xa74c0000)
 ParOldGen       total 41728K, used 26160K [0x73340000, 0x75c00000, 0x9ddc0000)
  object space 41728K, 62% used [0x73340000,0x74ccc210,0x75c00000)
 PSPermGen       total 16384K, used 4172K [0x6b340000, 0x6c340000, 0x73340000)
  object space 16384K, 25% used [0x6b340000,0x6b7531e8,0x6c340000)
Event: 23.039 GC heap after
Heap after GC invocations=6 (full 0):
 PSYoungGen      total 139520K, used 11716K [0x9ddc0000, 0xa7740000, 0xb3340000)
  eden space 125696K, 0% used [0x9ddc0000,0x9ddc0000,0xa5880000)
  from space 13824K, 84% used [0xa6740000,0xa72b11a8,0xa74c0000)
  to   space 15104K, 0% used [0xa5880000,0xa5880000,0xa6740000)
 ParOldGen       total 41728K, used 26160K [0x73340000, 0x75c00000, 0x9ddc0000)
  object space 41728K, 62% used [0x73340000,0x74ccc210,0x75c00000)
 PSPermGen       total 16384K, used 4172K [0x6b340000, 0x6c340000, 0x73340000)
  object space 16384K, 25% used [0x6b340000,0x6b7531e8,0x6c340000)
}
Event: 28.528 GC heap before
{Heap before GC invocations=7 (full 0):
 PSYoungGen      total 139520K, used 137412K [0x9ddc0000, 0xa7740000, 0xb3340000)
  eden space 125696K, 100% used [0x9ddc0000,0xa5880000,0xa5880000)
  from space 13824K, 84% used [0xa6740000,0xa72b11a8,0xa74c0000)
  to   space 15104K, 0% used [0xa5880000,0xa5880000,0xa6740000)
 ParOldGen       total 41728K, used 26160K [0x73340000, 0x75c00000, 0x9ddc0000)
  object space 41728K, 62% used [0x73340000,0x74ccc210,0x75c00000)
 PSPermGen       total 16384K, used 4219K [0x6b340000, 0x6c340000, 0x73340000)
  object space 16384K, 25% used [0x6b340000,0x6b75ed20,0x6c340000)

