# JRE version: OpenJDK Runtime Environment (7.0_79-b14) (build 1.7.0_79-b14)
# Java VM: OpenJDK Server VM (24.79-b02 mixed mode linux-x86 )
Heap
 PSYoungGen      total 140288K, used 14840K [0x9dd80000, 0xa7680000, 0xb3300000)
  eden space 125440K, 0% used [0x9dd80000,0x9dd80000,0xa5800000)
  from space 14848K, 99% used [0xa5800000,0xa667e178,0xa6680000)
  to   space 13312K, 0% used [0xa6680000,0xa6680000,0xa7380000)
 ParOldGen       total 41728K, used 40738K [0x73300000, 0x75bc0000, 0x9dd80000)
  object space 41728K, 97% used [0x73300000,0x75ac8bd0,0x75bc0000)
 PSPermGen       total 16384K, used 4217K [0x6b300000, 0x6c300000, 0x73300000)
  object space 16384K, 25% used [0x6b300000,0x6b71e400,0x6c300000)
GC Heap History (10 events):
Event: 4.003 GC heap after
Heap after GC invocations=2 (full 0):
 PSYoungGen      total 34304K, used 2555K [0x9dd80000, 0xa0180000, 0xb3300000)
  eden space 31744K, 0% used [0x9dd80000,0x9dd80000,0x9fc80000)
  from space 2560K, 99% used [0x9ff00000,0xa017ef80,0xa0180000)
  to   space 2560K, 0% used [0x9fc80000,0x9fc80000,0x9ff00000)
 ParOldGen       total 41728K, used 4536K [0x73300000, 0x75bc0000, 0x9dd80000)
  object space 41728K, 10% used [0x73300000,0x7376e0e8,0x75bc0000)
 PSPermGen       total 16384K, used 4066K [0x6b300000, 0x6c300000, 0x73300000)
  object space 16384K, 24% used [0x6b300000,0x6b6f8aa0,0x6c300000)
}
Event: 7.478 GC heap before
{Heap before GC invocations=3 (full 0):
 PSYoungGen      total 34304K, used 34299K [0x9dd80000, 0xa0180000, 0xb3300000)
  eden space 31744K, 100% used [0x9dd80000,0x9fc80000,0x9fc80000)
  from space 2560K, 99% used [0x9ff00000,0xa017ef80,0xa0180000)
  to   space 2560K, 0% used [0x9fc80000,0x9fc80000,0x9ff00000)
 ParOldGen       total 41728K, used 4536K [0x73300000, 0x75bc0000, 0x9dd80000)
  object space 41728K, 10% used [0x73300000,0x7376e0e8,0x75bc0000)
 PSPermGen       total 16384K, used 4108K [0x6b300000, 0x6c300000, 0x73300000)
  object space 16384K, 25% used [0x6b300000,0x6b703200,0x6c300000)
Event: 7.594 GC heap after
Heap after GC invocations=3 (full 0):
 PSYoungGen      total 34304K, used 2552K [0x9dd80000, 0xa2080000, 0xb3300000)
  eden space 31744K, 0% used [0x9dd80000,0x9dd80000,0x9fc80000)
  from space 2560K, 99% used [0x9fc80000,0x9fefe098,0x9ff00000)
  to   space 2560K, 0% used [0xa1e00000,0xa1e00000,0xa2080000)
 ParOldGen       total 41728K, used 10047K [0x73300000, 0x75bc0000, 0x9dd80000)
  object space 41728K, 24% used [0x73300000,0x73ccfd18,0x75bc0000)
 PSPermGen       total 16384K, used 4108K [0x6b300000, 0x6c300000, 0x73300000)
  object space 16384K, 25% used [0x6b300000,0x6b703200,0x6c300000)
}
Event: 10.739 GC heap before
{Heap before GC invocations=4 (full 0):
 PSYoungGen      total 34304K, used 34296K [0x9dd80000, 0xa2080000, 0xb3300000)
  eden space 31744K, 100% used [0x9dd80000,0x9fc80000,0x9fc80000)
  from space 2560K, 99% used [0x9fc80000,0x9fefe098,0x9ff00000)
  to   space 2560K, 0% used [0xa1e00000,0xa1e00000,0xa2080000)
 ParOldGen       total 41728K, used 10047K [0x73300000, 0x75bc0000, 0x9dd80000)
  object space 41728K, 24% used [0x73300000,0x73ccfd18,0x75bc0000)
 PSPermGen       total 16384K, used 4125K [0x6b300000, 0x6c300000, 0x73300000)
  object space 16384K, 25% used [0x6b300000,0x6b707420,0x6c300000)
Event: 10.886 GC heap after
Heap after GC invocations=4 (full 0):
 PSYoungGen      total 66048K, used 2556K [0x9dd80000, 0xa2080000, 0xb3300000)
  eden space 63488K, 0% used [0x9dd80000,0x9dd80000,0xa1b80000)
  from space 2560K, 99% used [0xa1e00000,0xa207f280,0xa2080000)
  to   space 2560K, 0% used [0xa1b80000,0xa1b80000,0xa1e00000)
 ParOldGen       total 41728K, used 15533K [0x73300000, 0x75bc0000, 0x9dd80000)
  object space 41728K, 37% used [0x73300000,0x7422b768,0x75bc0000)
 PSPermGen       total 16384K, used 4125K [0x6b300000, 0x6c300000, 0x73300000)
  object space 16384K, 25% used [0x6b300000,0x6b707420,0x6c300000)
}
Event: 17.892 GC heap before
{Heap before GC invocations=5 (full 0):
 PSYoungGen      total 66048K, used 66044K [0x9dd80000, 0xa2080000, 0xb3300000)
  eden space 63488K, 100% used [0x9dd80000,0xa1b80000,0xa1b80000)
  from space 2560K, 99% used [0xa1e00000,0xa207f280,0xa2080000)
  to   space 2560K, 0% used [0xa1b80000,0xa1b80000,0xa1e00000)
 ParOldGen       total 41728K, used 15533K [0x73300000, 0x75bc0000, 0x9dd80000)
  object space 41728K, 37% used [0x73300000,0x7422b768,0x75bc0000)
 PSPermGen       total 16384K, used 4158K [0x6b300000, 0x6c300000, 0x73300000)
  object space 16384K, 25% used [0x6b300000,0x6b70f828,0x6c300000)
Event: 18.047 GC heap after
Heap after GC invocations=5 (full 0):
 PSYoungGen      total 66048K, used 2552K [0x9dd80000, 0xa7380000, 0xb3300000)
  eden space 63488K, 0% used [0x9dd80000,0x9dd80000,0xa1b80000)
  from space 2560K, 99% used [0xa1b80000,0xa1dfe0f0,0xa1e00000)
  to   space 13312K, 0% used [0xa6680000,0xa6680000,0xa7380000)
 ParOldGen       total 41728K, used 25694K [0x73300000, 0x75bc0000, 0x9dd80000)
  object space 41728K, 61% used [0x73300000,0x74c17a38,0x75bc0000)
 PSPermGen       total 16384K, used 4158K [0x6b300000, 0x6c300000, 0x73300000)
  object space 16384K, 25% used [0x6b300000,0x6b70f828,0x6c300000)
}
Event: 22.401 GC heap before
{Heap before GC invocations=6 (full 0):
 PSYoungGen      total 66048K, used 66040K [0x9dd80000, 0xa7380000, 0xb3300000)
  eden space 63488K, 100% used [0x9dd80000,0xa1b80000,0xa1b80000)
  from space 2560K, 99% used [0xa1b80000,0xa1dfe0f0,0xa1e00000)
  to   space 13312K, 0% used [0xa6680000,0xa6680000,0xa7380000)
 ParOldGen       total 41728K, used 25694K [0x73300000, 0x75bc0000, 0x9dd80000)
  object space 41728K, 61% used [0x73300000,0x74c17a38,0x75bc0000)
 PSPermGen       total 16384K, used 4170K [0x6b300000, 0x6c300000, 0x73300000)
  object space 16384K, 25% used [0x6b300000,0x6b712a40,0x6c300000)
Event: 22.572 GC heap after
Heap after GC invocations=6 (full 0):
 PSYoungGen      total 138752K, used 11735K [0x9dd80000, 0xa7680000, 0xb3300000)
  eden space 125440K, 0% used [0x9dd80000,0x9dd80000,0xa5800000)
  from space 13312K, 88% used [0xa6680000,0xa71f5da8,0xa7380000)
  to   space 14848K, 0% used [0xa5800000,0xa5800000,0xa6680000)
 ParOldGen       total 41728K, used 25694K [0x73300000, 0x75bc0000, 0x9dd80000)
  object space 41728K, 61% used [0x73300000,0x74c17a38,0x75bc0000)
 PSPermGen       total 16384K, used 4170K [0x6b300000, 0x6c300000, 0x73300000)
  object space 16384K, 25% used [0x6b300000,0x6b712a40,0x6c300000)
}
Event: 29.331 GC heap before
{Heap before GC invocations=7 (full 0):
 PSYoungGen      total 138752K, used 137175K [0x9dd80000, 0xa7680000, 0xb3300000)
  eden space 125440K, 100% used [0x9dd80000,0xa5800000,0xa5800000)
  from space 13312K, 88% used [0xa6680000,0xa71f5da8,0xa7380000)
  to   space 14848K, 0% used [0xa5800000,0xa5800000,0xa6680000)
 ParOldGen       total 41728K, used 25694K [0x73300000, 0x75bc0000, 0x9dd80000)
  object space 41728K, 61% used [0x73300000,0x74c17a38,0x75bc0000)
 PSPermGen       total 16384K, used 4217K [0x6b300000, 0x6c300000, 0x73300000)
  object space 16384K, 25% used [0x6b300000,0x6b71e400,0x6c300000)

