# JRE version: OpenJDK Runtime Environment (7.0_79-b14) (build 1.7.0_79-b14)
# Java VM: OpenJDK Server VM (24.79-b02 mixed mode linux-x86 )
Heap
 PSYoungGen      total 39424K, used 7617K [0x9dcc0000, 0xa29c0000, 0xb3240000)
  eden space 31744K, 0% used [0x9dcc0000,0x9dcc0000,0x9fbc0000)
  from space 7680K, 99% used [0xa2240000,0xa29b0470,0xa29c0000)
  to   space 2560K, 0% used [0x9fbc0000,0x9fbc0000,0x9fe40000)
 ParOldGen       total 41728K, used 14003K [0x73240000, 0x75b00000, 0x9dcc0000)
  object space 41728K, 33% used [0x73240000,0x73fecc08,0x75b00000)
 PSPermGen       total 16384K, used 4139K [0x6b240000, 0x6c240000, 0x73240000)
  object space 16384K, 25% used [0x6b240000,0x6b64ad80,0x6c240000)
GC Heap History (10 events):
Event: 2.821 GC heap after
Heap after GC invocations=1 (full 0):
 PSYoungGen      total 18432K, used 2558K [0x9dcc0000, 0x9f140000, 0xb3240000)
  eden space 15872K, 0% used [0x9dcc0000,0x9dcc0000,0x9ec40000)
  from space 2560K, 99% used [0x9ec40000,0x9eebf958,0x9eec0000)
  to   space 2560K, 0% used [0x9eec0000,0x9eec0000,0x9f140000)
 ParOldGen       total 41728K, used 1251K [0x73240000, 0x75b00000, 0x9dcc0000)
  object space 41728K, 2% used [0x73240000,0x73378dd0,0x75b00000)
 PSPermGen       total 16384K, used 3976K [0x6b240000, 0x6c240000, 0x73240000)
  object space 16384K, 24% used [0x6b240000,0x6b622368,0x6c240000)
}
Event: 4.763 GC heap before
{Heap before GC invocations=2 (full 0):
 PSYoungGen      total 18432K, used 18430K [0x9dcc0000, 0x9f140000, 0xb3240000)
  eden space 15872K, 100% used [0x9dcc0000,0x9ec40000,0x9ec40000)
  from space 2560K, 99% used [0x9ec40000,0x9eebf958,0x9eec0000)
  to   space 2560K, 0% used [0x9eec0000,0x9eec0000,0x9f140000)
 ParOldGen       total 41728K, used 1251K [0x73240000, 0x75b00000, 0x9dcc0000)
  object space 41728K, 2% used [0x73240000,0x73378dd0,0x75b00000)
 PSPermGen       total 16384K, used 4067K [0x6b240000, 0x6c240000, 0x73240000)
  object space 16384K, 24% used [0x6b240000,0x6b638de0,0x6c240000)
Event: 4.823 GC heap after
Heap after GC invocations=2 (full 0):
 PSYoungGen      total 18432K, used 2550K [0x9dcc0000, 0xa00c0000, 0xb3240000)
  eden space 15872K, 0% used [0x9dcc0000,0x9dcc0000,0x9ec40000)
  from space 2560K, 99% used [0x9eec0000,0x9f13db38,0x9f140000)
  to   space 2560K, 0% used [0x9ec40000,0x9ec40000,0x9eec0000)
 ParOldGen       total 41728K, used 3724K [0x73240000, 0x75b00000, 0x9dcc0000)
  object space 41728K, 8% used [0x73240000,0x735e3288,0x75b00000)
 PSPermGen       total 16384K, used 4067K [0x6b240000, 0x6c240000, 0x73240000)
  object space 16384K, 24% used [0x6b240000,0x6b638de0,0x6c240000)
}
Event: 7.179 GC heap before
{Heap before GC invocations=3 (full 0):
 PSYoungGen      total 18432K, used 18422K [0x9dcc0000, 0xa00c0000, 0xb3240000)
  eden space 15872K, 100% used [0x9dcc0000,0x9ec40000,0x9ec40000)
  from space 2560K, 99% used [0x9eec0000,0x9f13db38,0x9f140000)
  to   space 2560K, 0% used [0x9ec40000,0x9ec40000,0x9eec0000)
 ParOldGen       total 41728K, used 3724K [0x73240000, 0x75b00000, 0x9dcc0000)
  object space 41728K, 8% used [0x73240000,0x735e3288,0x75b00000)
 PSPermGen       total 16384K, used 4091K [0x6b240000, 0x6c240000, 0x73240000)
  object space 16384K, 24% used [0x6b240000,0x6b63ef38,0x6c240000)
Event: 7.219 GC heap after
Heap after GC invocations=3 (full 0):
 PSYoungGen      total 18432K, used 2546K [0x9dcc0000, 0xa00c0000, 0xb3240000)
  eden space 15872K, 0% used [0x9dcc0000,0x9dcc0000,0x9ec40000)
  from space 2560K, 99% used [0x9ec40000,0x9eebca80,0x9eec0000)
  to   space 2560K, 0% used [0x9fe40000,0x9fe40000,0xa00c0000)
 ParOldGen       total 41728K, used 6088K [0x73240000, 0x75b00000, 0x9dcc0000)
  object space 41728K, 14% used [0x73240000,0x73832190,0x75b00000)
 PSPermGen       total 16384K, used 4091K [0x6b240000, 0x6c240000, 0x73240000)
  object space 16384K, 24% used [0x6b240000,0x6b63ef38,0x6c240000)
}
Event: 9.027 GC heap before
{Heap before GC invocations=4 (full 0):
 PSYoungGen      total 18432K, used 18418K [0x9dcc0000, 0xa00c0000, 0xb3240000)
  eden space 15872K, 100% used [0x9dcc0000,0x9ec40000,0x9ec40000)
  from space 2560K, 99% used [0x9ec40000,0x9eebca80,0x9eec0000)
  to   space 2560K, 0% used [0x9fe40000,0x9fe40000,0xa00c0000)
 ParOldGen       total 41728K, used 6088K [0x73240000, 0x75b00000, 0x9dcc0000)
  object space 41728K, 14% used [0x73240000,0x73832190,0x75b00000)
 PSPermGen       total 16384K, used 4110K [0x6b240000, 0x6c240000, 0x73240000)
  object space 16384K, 25% used [0x6b240000,0x6b643980,0x6c240000)
Event: 9.107 GC heap after
Heap after GC invocations=4 (full 0):
 PSYoungGen      total 34304K, used 2553K [0x9dcc0000, 0xa00c0000, 0xb3240000)
  eden space 31744K, 0% used [0x9dcc0000,0x9dcc0000,0x9fbc0000)
  from space 2560K, 99% used [0x9fe40000,0xa00be680,0xa00c0000)
  to   space 2560K, 0% used [0x9fbc0000,0x9fbc0000,0x9fe40000)
 ParOldGen       total 41728K, used 9078K [0x73240000, 0x75b00000, 0x9dcc0000)
  object space 41728K, 21% used [0x73240000,0x73b1da10,0x75b00000)
 PSPermGen       total 16384K, used 4110K [0x6b240000, 0x6c240000, 0x73240000)
  object space 16384K, 25% used [0x6b240000,0x6b643980,0x6c240000)
}
Event: 12.731 GC heap before
{Heap before GC invocations=5 (full 0):
 PSYoungGen      total 34304K, used 34297K [0x9dcc0000, 0xa00c0000, 0xb3240000)
  eden space 31744K, 100% used [0x9dcc0000,0x9fbc0000,0x9fbc0000)
  from space 2560K, 99% used [0x9fe40000,0xa00be680,0xa00c0000)
  to   space 2560K, 0% used [0x9fbc0000,0x9fbc0000,0x9fe40000)
 ParOldGen       total 41728K, used 9078K [0x73240000, 0x75b00000, 0x9dcc0000)
  object space 41728K, 21% used [0x73240000,0x73b1da10,0x75b00000)
 PSPermGen       total 16384K, used 4126K [0x6b240000, 0x6c240000, 0x73240000)
  object space 16384K, 25% used [0x6b240000,0x6b647838,0x6c240000)
Event: 13.362 GC heap after
Heap after GC invocations=5 (full 0):
 PSYoungGen      total 34304K, used 2553K [0x9dcc0000, 0xa29c0000, 0xb3240000)
  eden space 31744K, 0% used [0x9dcc0000,0x9dcc0000,0x9fbc0000)
  from space 2560K, 99% used [0x9fbc0000,0x9fe3e510,0x9fe40000)
  to   space 7680K, 0% used [0xa2240000,0xa2240000,0xa29c0000)
 ParOldGen       total 41728K, used 14003K [0x73240000, 0x75b00000, 0x9dcc0000)
  object space 41728K, 33% used [0x73240000,0x73fecc08,0x75b00000)
 PSPermGen       total 16384K, used 4126K [0x6b240000, 0x6c240000, 0x73240000)
  object space 16384K, 25% used [0x6b240000,0x6b647838,0x6c240000)
}
Event: 28.013 GC heap before
{Heap before GC invocations=6 (full 0):
 PSYoungGen      total 34304K, used 34297K [0x9dcc0000, 0xa29c0000, 0xb3240000)
  eden space 31744K, 100% used [0x9dcc0000,0x9fbc0000,0x9fbc0000)
  from space 2560K, 99% used [0x9fbc0000,0x9fe3e510,0x9fe40000)
  to   space 7680K, 0% used [0xa2240000,0xa2240000,0xa29c0000)
 ParOldGen       total 41728K, used 14003K [0x73240000, 0x75b00000, 0x9dcc0000)
  object space 41728K, 33% used [0x73240000,0x73fecc08,0x75b00000)
 PSPermGen       total 16384K, used 4139K [0x6b240000, 0x6c240000, 0x73240000)
  object space 16384K, 25% used [0x6b240000,0x6b64ad80,0x6c240000)

