# JRE version: OpenJDK Runtime Environment (7.0_79-b14) (build 1.7.0_79-b14)
# Java VM: OpenJDK Server VM (24.79-b02 mixed mode linux-x86 )
Heap
 PSYoungGen      total 71680K, used 9467K [0x9ddc0000, 0xa2e40000, 0xb3340000)
  eden space 62208K, 0% used [0x9ddc0000,0x9ddc0000,0xa1a80000)
  from space 9472K, 99% used [0xa1a80000,0xa23bef30,0xa23c0000)
  to   space 8192K, 0% used [0xa23c0000,0xa23c0000,0xa2bc0000)
 ParOldGen       total 41728K, used 23109K [0x73340000, 0x75c00000, 0x9ddc0000)
  object space 41728K, 55% used [0x73340000,0x749d14b0,0x75c00000)
 PSPermGen       total 16384K, used 4149K [0x6b340000, 0x6c340000, 0x73340000)
  object space 16384K, 25% used [0x6b340000,0x6b74d7c8,0x6c340000)
GC Heap History (10 events):
Event: 4.744 GC heap after
Heap after GC invocations=2 (full 0):
 PSYoungGen      total 18432K, used 2546K [0x9ddc0000, 0xa01c0000, 0xb3340000)
  eden space 15872K, 0% used [0x9ddc0000,0x9ddc0000,0x9ed40000)
  from space 2560K, 99% used [0x9efc0000,0x9f23caf0,0x9f240000)
  to   space 2560K, 0% used [0x9ed40000,0x9ed40000,0x9efc0000)
 ParOldGen       total 41728K, used 4164K [0x73340000, 0x75c00000, 0x9ddc0000)
  object space 41728K, 9% used [0x73340000,0x73751000,0x75c00000)
 PSPermGen       total 16384K, used 4037K [0x6b340000, 0x6c340000, 0x73340000)
  object space 16384K, 24% used [0x6b340000,0x6b7314d8,0x6c340000)
}
Event: 6.823 GC heap before
{Heap before GC invocations=3 (full 0):
 PSYoungGen      total 18432K, used 18418K [0x9ddc0000, 0xa01c0000, 0xb3340000)
  eden space 15872K, 100% used [0x9ddc0000,0x9ed40000,0x9ed40000)
  from space 2560K, 99% used [0x9efc0000,0x9f23caf0,0x9f240000)
  to   space 2560K, 0% used [0x9ed40000,0x9ed40000,0x9efc0000)
 ParOldGen       total 41728K, used 4164K [0x73340000, 0x75c00000, 0x9ddc0000)
  object space 41728K, 9% used [0x73340000,0x73751000,0x75c00000)
 PSPermGen       total 16384K, used 4072K [0x6b340000, 0x6c340000, 0x73340000)
  object space 16384K, 24% used [0x6b340000,0x6b73a348,0x6c340000)
Event: 6.862 GC heap after
Heap after GC invocations=3 (full 0):
 PSYoungGen      total 18432K, used 2552K [0x9ddc0000, 0xa01c0000, 0xb3340000)
  eden space 15872K, 0% used [0x9ddc0000,0x9ddc0000,0x9ed40000)
  from space 2560K, 99% used [0x9ed40000,0x9efbe070,0x9efc0000)
  to   space 2560K, 0% used [0x9ff40000,0x9ff40000,0xa01c0000)
 ParOldGen       total 41728K, used 6969K [0x73340000, 0x75c00000, 0x9ddc0000)
  object space 41728K, 16% used [0x73340000,0x73a0e480,0x75c00000)
 PSPermGen       total 16384K, used 4072K [0x6b340000, 0x6c340000, 0x73340000)
  object space 16384K, 24% used [0x6b340000,0x6b73a348,0x6c340000)
}
Event: 8.880 GC heap before
{Heap before GC invocations=4 (full 0):
 PSYoungGen      total 18432K, used 18424K [0x9ddc0000, 0xa01c0000, 0xb3340000)
  eden space 15872K, 100% used [0x9ddc0000,0x9ed40000,0x9ed40000)
  from space 2560K, 99% used [0x9ed40000,0x9efbe070,0x9efc0000)
  to   space 2560K, 0% used [0x9ff40000,0x9ff40000,0xa01c0000)
 ParOldGen       total 41728K, used 6969K [0x73340000, 0x75c00000, 0x9ddc0000)
  object space 41728K, 16% used [0x73340000,0x73a0e480,0x75c00000)
 PSPermGen       total 16384K, used 4089K [0x6b340000, 0x6c340000, 0x73340000)
  object space 16384K, 24% used [0x6b340000,0x6b73e680,0x6c340000)
Event: 8.954 GC heap after
Heap after GC invocations=4 (full 0):
 PSYoungGen      total 34304K, used 2546K [0x9ddc0000, 0xa01c0000, 0xb3340000)
  eden space 31744K, 0% used [0x9ddc0000,0x9ddc0000,0x9fcc0000)
  from space 2560K, 99% used [0x9ff40000,0xa01bcb50,0xa01c0000)
  to   space 2560K, 0% used [0x9fcc0000,0x9fcc0000,0x9ff40000)
 ParOldGen       total 41728K, used 9671K [0x73340000, 0x75c00000, 0x9ddc0000)
  object space 41728K, 23% used [0x73340000,0x73cb1cc8,0x75c00000)
 PSPermGen       total 16384K, used 4089K [0x6b340000, 0x6c340000, 0x73340000)
  object space 16384K, 24% used [0x6b340000,0x6b73e680,0x6c340000)
}
Event: 13.445 GC heap before
{Heap before GC invocations=5 (full 0):
 PSYoungGen      total 34304K, used 34290K [0x9ddc0000, 0xa01c0000, 0xb3340000)
  eden space 31744K, 100% used [0x9ddc0000,0x9fcc0000,0x9fcc0000)
  from space 2560K, 99% used [0x9ff40000,0xa01bcb50,0xa01c0000)
  to   space 2560K, 0% used [0x9fcc0000,0x9fcc0000,0x9ff40000)
 ParOldGen       total 41728K, used 9671K [0x73340000, 0x75c00000, 0x9ddc0000)
  object space 41728K, 23% used [0x73340000,0x73cb1cc8,0x75c00000)
 PSPermGen       total 16384K, used 4110K [0x6b340000, 0x6c340000, 0x73340000)
  object space 16384K, 25% used [0x6b340000,0x6b743b00,0x6c340000)
Event: 13.566 GC heap after
Heap after GC invocations=5 (full 0):
 PSYoungGen      total 34304K, used 2555K [0x9ddc0000, 0xa2bc0000, 0xb3340000)
  eden space 31744K, 0% used [0x9ddc0000,0x9ddc0000,0x9fcc0000)
  from space 2560K, 99% used [0x9fcc0000,0x9ff3ede8,0x9ff40000)
  to   space 8192K, 0% used [0xa23c0000,0xa23c0000,0xa2bc0000)
 ParOldGen       total 41728K, used 15540K [0x73340000, 0x75c00000, 0x9ddc0000)
  object space 41728K, 37% used [0x73340000,0x7426d1e0,0x75c00000)
 PSPermGen       total 16384K, used 4110K [0x6b340000, 0x6c340000, 0x73340000)
  object space 16384K, 25% used [0x6b340000,0x6b743b00,0x6c340000)
}
Event: 16.545 GC heap before
{Heap before GC invocations=6 (full 0):
 PSYoungGen      total 34304K, used 34299K [0x9ddc0000, 0xa2bc0000, 0xb3340000)
  eden space 31744K, 100% used [0x9ddc0000,0x9fcc0000,0x9fcc0000)
  from space 2560K, 99% used [0x9fcc0000,0x9ff3ede8,0x9ff40000)
  to   space 8192K, 0% used [0xa23c0000,0xa23c0000,0xa2bc0000)
 ParOldGen       total 41728K, used 15540K [0x73340000, 0x75c00000, 0x9ddc0000)
  object space 41728K, 37% used [0x73340000,0x7426d1e0,0x75c00000)
 PSPermGen       total 16384K, used 4132K [0x6b340000, 0x6c340000, 0x73340000)
  object space 16384K, 25% used [0x6b340000,0x6b7491c8,0x6c340000)
Event: 16.655 GC heap after
Heap after GC invocations=6 (full 0):
 PSYoungGen      total 70400K, used 8184K [0x9ddc0000, 0xa2e40000, 0xb3340000)
  eden space 62208K, 0% used [0x9ddc0000,0x9ddc0000,0xa1a80000)
  from space 8192K, 99% used [0xa23c0000,0xa2bbe1c0,0xa2bc0000)
  to   space 9472K, 0% used [0xa1a80000,0xa1a80000,0xa23c0000)
 ParOldGen       total 41728K, used 15692K [0x73340000, 0x75c00000, 0x9ddc0000)
  object space 41728K, 37% used [0x73340000,0x74293178,0x75c00000)
 PSPermGen       total 16384K, used 4132K [0x6b340000, 0x6c340000, 0x73340000)
  object space 16384K, 25% used [0x6b340000,0x6b7491c8,0x6c340000)
}
Event: 21.529 GC heap before
{Heap before GC invocations=7 (full 0):
 PSYoungGen      total 70400K, used 70392K [0x9ddc0000, 0xa2e40000, 0xb3340000)
  eden space 62208K, 100% used [0x9ddc0000,0xa1a80000,0xa1a80000)
  from space 8192K, 99% used [0xa23c0000,0xa2bbe1c0,0xa2bc0000)
  to   space 9472K, 0% used [0xa1a80000,0xa1a80000,0xa23c0000)
 ParOldGen       total 41728K, used 15692K [0x73340000, 0x75c00000, 0x9ddc0000)
  object space 41728K, 37% used [0x73340000,0x74293178,0x75c00000)
 PSPermGen       total 16384K, used 4149K [0x6b340000, 0x6c340000, 0x73340000)
  object space 16384K, 25% used [0x6b340000,0x6b74d7c8,0x6c340000)

