# JRE version: OpenJDK Runtime Environment (7.0_79-b14) (build 1.7.0_79-b14)
# Java VM: OpenJDK Server VM (24.79-b02 mixed mode linux-x86 )
Heap
 PSYoungGen      total 139008K, used 31107K [0x9dcc0000, 0xa7640000, 0xb3240000)
  eden space 125440K, 15% used [0x9dcc0000,0x9ef58e80,0xa5740000)
  from space 13568K, 88% used [0xa6600000,0xa71c8060,0xa7340000)
  to   space 15104K, 0% used [0xa5740000,0xa5740000,0xa6600000)
 ParOldGen       total 41728K, used 25604K [0x73240000, 0x75b00000, 0x9dcc0000)
  object space 41728K, 61% used [0x73240000,0x74b413c0,0x75b00000)
 PSPermGen       total 16384K, used 4204K [0x6b240000, 0x6c240000, 0x73240000)
  object space 16384K, 25% used [0x6b240000,0x6b65b1c0,0x6c240000)
GC Heap History (10 events):
Event: 5.034 GC heap before
{Heap before GC invocations=2 (full 0):
 PSYoungGen      total 18432K, used 18430K [0x9dcc0000, 0xa00c0000, 0xb3240000)
  eden space 15872K, 100% used [0x9dcc0000,0x9ec40000,0x9ec40000)
  from space 2560K, 99% used [0x9ec40000,0x9eebfae0,0x9eec0000)
  to   space 2560K, 0% used [0x9fe40000,0x9fe40000,0xa00c0000)
 ParOldGen       total 41728K, used 1455K [0x73240000, 0x75b00000, 0x9dcc0000)
  object space 41728K, 3% used [0x73240000,0x733abe38,0x75b00000)
 PSPermGen       total 16384K, used 4039K [0x6b240000, 0x6c240000, 0x73240000)
  object space 16384K, 24% used [0x6b240000,0x6b631d08,0x6c240000)
Event: 5.085 GC heap after
Heap after GC invocations=2 (full 0):
 PSYoungGen      total 34304K, used 2546K [0x9dcc0000, 0xa00c0000, 0xb3240000)
  eden space 31744K, 0% used [0x9dcc0000,0x9dcc0000,0x9fbc0000)
  from space 2560K, 99% used [0x9fe40000,0xa00bcaf0,0xa00c0000)
  to   space 2560K, 0% used [0x9fbc0000,0x9fbc0000,0x9fe40000)
 ParOldGen       total 41728K, used 4375K [0x73240000, 0x75b00000, 0x9dcc0000)
  object space 41728K, 10% used [0x73240000,0x73685f20,0x75b00000)
 PSPermGen       total 16384K, used 4039K [0x6b240000, 0x6c240000, 0x73240000)
  object space 16384K, 24% used [0x6b240000,0x6b631d08,0x6c240000)
}
Event: 9.429 GC heap before
{Heap before GC invocations=3 (full 0):
 PSYoungGen      total 34304K, used 34290K [0x9dcc0000, 0xa00c0000, 0xb3240000)
  eden space 31744K, 100% used [0x9dcc0000,0x9fbc0000,0x9fbc0000)
  from space 2560K, 99% used [0x9fe40000,0xa00bcaf0,0xa00c0000)
  to   space 2560K, 0% used [0x9fbc0000,0x9fbc0000,0x9fe40000)
 ParOldGen       total 41728K, used 4375K [0x73240000, 0x75b00000, 0x9dcc0000)
  object space 41728K, 10% used [0x73240000,0x73685f20,0x75b00000)
 PSPermGen       total 16384K, used 4089K [0x6b240000, 0x6c240000, 0x73240000)
  object space 16384K, 24% used [0x6b240000,0x6b63e530,0x6c240000)
Event: 9.511 GC heap after
Heap after GC invocations=3 (full 0):
 PSYoungGen      total 34304K, used 2554K [0x9dcc0000, 0xa1fc0000, 0xb3240000)
  eden space 31744K, 0% used [0x9dcc0000,0x9dcc0000,0x9fbc0000)
  from space 2560K, 99% used [0x9fbc0000,0x9fe3eb50,0x9fe40000)
  to   space 2560K, 0% used [0xa1d40000,0xa1d40000,0xa1fc0000)
 ParOldGen       total 41728K, used 9704K [0x73240000, 0x75b00000, 0x9dcc0000)
  object space 41728K, 23% used [0x73240000,0x73bba2e0,0x75b00000)
 PSPermGen       total 16384K, used 4089K [0x6b240000, 0x6c240000, 0x73240000)
  object space 16384K, 24% used [0x6b240000,0x6b63e530,0x6c240000)
}
Event: 13.309 GC heap before
{Heap before GC invocations=4 (full 0):
 PSYoungGen      total 34304K, used 34298K [0x9dcc0000, 0xa1fc0000, 0xb3240000)
  eden space 31744K, 100% used [0x9dcc0000,0x9fbc0000,0x9fbc0000)
  from space 2560K, 99% used [0x9fbc0000,0x9fe3eb50,0x9fe40000)
  to   space 2560K, 0% used [0xa1d40000,0xa1d40000,0xa1fc0000)
 ParOldGen       total 41728K, used 9704K [0x73240000, 0x75b00000, 0x9dcc0000)
  object space 41728K, 23% used [0x73240000,0x73bba2e0,0x75b00000)
 PSPermGen       total 16384K, used 4105K [0x6b240000, 0x6c240000, 0x73240000)
  object space 16384K, 25% used [0x6b240000,0x6b6426d8,0x6c240000)
Event: 13.423 GC heap after
Heap after GC invocations=4 (full 0):
 PSYoungGen      total 66048K, used 2551K [0x9dcc0000, 0xa1fc0000, 0xb3240000)
  eden space 63488K, 0% used [0x9dcc0000,0x9dcc0000,0xa1ac0000)
  from space 2560K, 99% used [0xa1d40000,0xa1fbde40,0xa1fc0000)
  to   space 2560K, 0% used [0xa1ac0000,0xa1ac0000,0xa1d40000)
 ParOldGen       total 41728K, used 15095K [0x73240000, 0x75b00000, 0x9dcc0000)
  object space 41728K, 36% used [0x73240000,0x740fdd30,0x75b00000)
 PSPermGen       total 16384K, used 4105K [0x6b240000, 0x6c240000, 0x73240000)
  object space 16384K, 25% used [0x6b240000,0x6b6426d8,0x6c240000)
}
Event: 18.138 GC heap before
{Heap before GC invocations=5 (full 0):
 PSYoungGen      total 66048K, used 66039K [0x9dcc0000, 0xa1fc0000, 0xb3240000)
  eden space 63488K, 100% used [0x9dcc0000,0xa1ac0000,0xa1ac0000)
  from space 2560K, 99% used [0xa1d40000,0xa1fbde40,0xa1fc0000)
  to   space 2560K, 0% used [0xa1ac0000,0xa1ac0000,0xa1d40000)
 ParOldGen       total 41728K, used 15095K [0x73240000, 0x75b00000, 0x9dcc0000)
  object space 41728K, 36% used [0x73240000,0x740fdd30,0x75b00000)
 PSPermGen       total 16384K, used 4140K [0x6b240000, 0x6c240000, 0x73240000)
  object space 16384K, 25% used [0x6b240000,0x6b64b0c8,0x6c240000)
Event: 18.235 GC heap after
Heap after GC invocations=5 (full 0):
 PSYoungGen      total 66048K, used 2544K [0x9dcc0000, 0xa7340000, 0xb3240000)
  eden space 63488K, 0% used [0x9dcc0000,0x9dcc0000,0xa1ac0000)
  from space 2560K, 99% used [0xa1ac0000,0xa1d3c040,0xa1d40000)
  to   space 13568K, 0% used [0xa6600000,0xa6600000,0xa7340000)
 ParOldGen       total 41728K, used 25604K [0x73240000, 0x75b00000, 0x9dcc0000)
  object space 41728K, 61% used [0x73240000,0x74b413c0,0x75b00000)
 PSPermGen       total 16384K, used 4140K [0x6b240000, 0x6c240000, 0x73240000)
  object space 16384K, 25% used [0x6b240000,0x6b64b0c8,0x6c240000)
}
Event: 25.198 GC heap before
{Heap before GC invocations=6 (full 0):
 PSYoungGen      total 66048K, used 66032K [0x9dcc0000, 0xa7340000, 0xb3240000)
  eden space 63488K, 100% used [0x9dcc0000,0xa1ac0000,0xa1ac0000)
  from space 2560K, 99% used [0xa1ac0000,0xa1d3c040,0xa1d40000)
  to   space 13568K, 0% used [0xa6600000,0xa6600000,0xa7340000)
 ParOldGen       total 41728K, used 25604K [0x73240000, 0x75b00000, 0x9dcc0000)
  object space 41728K, 61% used [0x73240000,0x74b413c0,0x75b00000)
 PSPermGen       total 16384K, used 4153K [0x6b240000, 0x6c240000, 0x73240000)
  object space 16384K, 25% used [0x6b240000,0x6b64e510,0x6c240000)
Event: 25.494 GC heap after
Heap after GC invocations=6 (full 0):
 PSYoungGen      total 139008K, used 12064K [0x9dcc0000, 0xa7640000, 0xb3240000)
  eden space 125440K, 0% used [0x9dcc0000,0x9dcc0000,0xa5740000)
  from space 13568K, 88% used [0xa6600000,0xa71c8060,0xa7340000)
  to   space 15104K, 0% used [0xa5740000,0xa5740000,0xa6600000)
 ParOldGen       total 41728K, used 25604K [0x73240000, 0x75b00000, 0x9dcc0000)
  object space 41728K, 61% used [0x73240000,0x74b413c0,0x75b00000)
 PSPermGen       total 16384K, used 4153K [0x6b240000, 0x6c240000, 0x73240000)
  object space 16384K, 25% used [0x6b240000,0x6b64e510,0x6c240000)
}

