# JRE version: OpenJDK Runtime Environment (7.0_79-b14) (build 1.7.0_79-b14)
# Java VM: OpenJDK Server VM (24.79-b02 mixed mode linux-x86 )
Heap
 PSYoungGen      total 140800K, used 14836K [0x9ddc0000, 0xa76c0000, 0xb3340000)
  eden space 125952K, 0% used [0x9ddc0000,0x9ddc0000,0xa58c0000)
  from space 14848K, 99% used [0xa58c0000,0xa673d268,0xa6740000)
  to   space 13824K, 0% used [0xa6740000,0xa6740000,0xa74c0000)
 ParOldGen       total 41728K, used 41288K [0x73340000, 0x75c00000, 0x9ddc0000)
  object space 41728K, 98% used [0x73340000,0x75b92278,0x75c00000)
 PSPermGen       total 16384K, used 4217K [0x6b340000, 0x6c340000, 0x73340000)
  object space 16384K, 25% used [0x6b340000,0x6b75e5a0,0x6c340000)
GC Heap History (10 events):
Event: 3.626 GC heap after
Heap after GC invocations=2 (full 0):
 PSYoungGen      total 34304K, used 2551K [0x9ddc0000, 0xa01c0000, 0xb3340000)
  eden space 31744K, 0% used [0x9ddc0000,0x9ddc0000,0x9fcc0000)
  from space 2560K, 99% used [0x9ff40000,0xa01bdcf0,0xa01c0000)
  to   space 2560K, 0% used [0x9fcc0000,0x9fcc0000,0x9ff40000)
 ParOldGen       total 41728K, used 4571K [0x73340000, 0x75c00000, 0x9ddc0000)
  object space 41728K, 10% used [0x73340000,0x737b6e68,0x75c00000)
 PSPermGen       total 16384K, used 4069K [0x6b340000, 0x6c340000, 0x73340000)
  object space 16384K, 24% used [0x6b340000,0x6b739558,0x6c340000)
}
Event: 7.615 GC heap before
{Heap before GC invocations=3 (full 0):
 PSYoungGen      total 34304K, used 34295K [0x9ddc0000, 0xa01c0000, 0xb3340000)
  eden space 31744K, 100% used [0x9ddc0000,0x9fcc0000,0x9fcc0000)
  from space 2560K, 99% used [0x9ff40000,0xa01bdcf0,0xa01c0000)
  to   space 2560K, 0% used [0x9fcc0000,0x9fcc0000,0x9ff40000)
 ParOldGen       total 41728K, used 4571K [0x73340000, 0x75c00000, 0x9ddc0000)
  object space 41728K, 10% used [0x73340000,0x737b6e68,0x75c00000)
 PSPermGen       total 16384K, used 4108K [0x6b340000, 0x6c340000, 0x73340000)
  object space 16384K, 25% used [0x6b340000,0x6b743148,0x6c340000)
Event: 7.709 GC heap after
Heap after GC invocations=3 (full 0):
 PSYoungGen      total 34304K, used 2545K [0x9ddc0000, 0xa20c0000, 0xb3340000)
  eden space 31744K, 0% used [0x9ddc0000,0x9ddc0000,0x9fcc0000)
  from space 2560K, 99% used [0x9fcc0000,0x9ff3c468,0x9ff40000)
  to   space 2560K, 0% used [0xa1e40000,0xa1e40000,0xa20c0000)
 ParOldGen       total 41728K, used 10270K [0x73340000, 0x75c00000, 0x9ddc0000)
  object space 41728K, 24% used [0x73340000,0x73d478f8,0x75c00000)
 PSPermGen       total 16384K, used 4108K [0x6b340000, 0x6c340000, 0x73340000)
  object space 16384K, 25% used [0x6b340000,0x6b743148,0x6c340000)
}
Event: 11.350 GC heap before
{Heap before GC invocations=4 (full 0):
 PSYoungGen      total 34304K, used 34289K [0x9ddc0000, 0xa20c0000, 0xb3340000)
  eden space 31744K, 100% used [0x9ddc0000,0x9fcc0000,0x9fcc0000)
  from space 2560K, 99% used [0x9fcc0000,0x9ff3c468,0x9ff40000)
  to   space 2560K, 0% used [0xa1e40000,0xa1e40000,0xa20c0000)
 ParOldGen       total 41728K, used 10270K [0x73340000, 0x75c00000, 0x9ddc0000)
  object space 41728K, 24% used [0x73340000,0x73d478f8,0x75c00000)
 PSPermGen       total 16384K, used 4123K [0x6b340000, 0x6c340000, 0x73340000)
  object space 16384K, 25% used [0x6b340000,0x6b746fc8,0x6c340000)
Event: 11.432 GC heap after
Heap after GC invocations=4 (full 0):
 PSYoungGen      total 66048K, used 2547K [0x9ddc0000, 0xa20c0000, 0xb3340000)
  eden space 63488K, 0% used [0x9ddc0000,0x9ddc0000,0xa1bc0000)
  from space 2560K, 99% used [0xa1e40000,0xa20bcf10,0xa20c0000)
  to   space 2560K, 0% used [0xa1bc0000,0xa1bc0000,0xa1e40000)
 ParOldGen       total 41728K, used 15745K [0x73340000, 0x75c00000, 0x9ddc0000)
  object space 41728K, 37% used [0x73340000,0x742a0778,0x75c00000)
 PSPermGen       total 16384K, used 4123K [0x6b340000, 0x6c340000, 0x73340000)
  object space 16384K, 25% used [0x6b340000,0x6b746fc8,0x6c340000)
}
Event: 18.168 GC heap before
{Heap before GC invocations=5 (full 0):
 PSYoungGen      total 66048K, used 66035K [0x9ddc0000, 0xa20c0000, 0xb3340000)
  eden space 63488K, 100% used [0x9ddc0000,0xa1bc0000,0xa1bc0000)
  from space 2560K, 99% used [0xa1e40000,0xa20bcf10,0xa20c0000)
  to   space 2560K, 0% used [0xa1bc0000,0xa1bc0000,0xa1e40000)
 ParOldGen       total 41728K, used 15745K [0x73340000, 0x75c00000, 0x9ddc0000)
  object space 41728K, 37% used [0x73340000,0x742a0778,0x75c00000)
 PSPermGen       total 16384K, used 4159K [0x6b340000, 0x6c340000, 0x73340000)
  object space 16384K, 25% used [0x6b340000,0x6b74fd10,0x6c340000)
Event: 18.331 GC heap after
Heap after GC invocations=5 (full 0):
 PSYoungGen      total 66048K, used 2554K [0x9ddc0000, 0xa74c0000, 0xb3340000)
  eden space 63488K, 0% used [0x9ddc0000,0x9ddc0000,0xa1bc0000)
  from space 2560K, 99% used [0xa1bc0000,0xa1e3e9b0,0xa1e40000)
  to   space 13824K, 0% used [0xa6740000,0xa6740000,0xa74c0000)
 ParOldGen       total 41728K, used 26259K [0x73340000, 0x75c00000, 0x9ddc0000)
  object space 41728K, 62% used [0x73340000,0x74ce4e60,0x75c00000)
 PSPermGen       total 16384K, used 4159K [0x6b340000, 0x6c340000, 0x73340000)
  object space 16384K, 25% used [0x6b340000,0x6b74fd10,0x6c340000)
}
Event: 24.474 GC heap before
{Heap before GC invocations=6 (full 0):
 PSYoungGen      total 66048K, used 66042K [0x9ddc0000, 0xa74c0000, 0xb3340000)
  eden space 63488K, 100% used [0x9ddc0000,0xa1bc0000,0xa1bc0000)
  from space 2560K, 99% used [0xa1bc0000,0xa1e3e9b0,0xa1e40000)
  to   space 13824K, 0% used [0xa6740000,0xa6740000,0xa74c0000)
 ParOldGen       total 41728K, used 26259K [0x73340000, 0x75c00000, 0x9ddc0000)
  object space 41728K, 62% used [0x73340000,0x74ce4e60,0x75c00000)
 PSPermGen       total 16384K, used 4172K [0x6b340000, 0x6c340000, 0x73340000)
  object space 16384K, 25% used [0x6b340000,0x6b7533f0,0x6c340000)
Event: 24.631 GC heap after
Heap after GC invocations=6 (full 0):
 PSYoungGen      total 139776K, used 11493K [0x9ddc0000, 0xa76c0000, 0xb3340000)
  eden space 125952K, 0% used [0x9ddc0000,0x9ddc0000,0xa58c0000)
  from space 13824K, 83% used [0xa6740000,0xa7279598,0xa74c0000)
  to   space 14848K, 0% used [0xa58c0000,0xa58c0000,0xa6740000)
 ParOldGen       total 41728K, used 26259K [0x73340000, 0x75c00000, 0x9ddc0000)
  object space 41728K, 62% used [0x73340000,0x74ce4e60,0x75c00000)
 PSPermGen       total 16384K, used 4172K [0x6b340000, 0x6c340000, 0x73340000)
  object space 16384K, 25% used [0x6b340000,0x6b7533f0,0x6c340000)
}
Event: 32.530 GC heap before
{Heap before GC invocations=7 (full 0):
 PSYoungGen      total 139776K, used 137445K [0x9ddc0000, 0xa76c0000, 0xb3340000)
  eden space 125952K, 100% used [0x9ddc0000,0xa58c0000,0xa58c0000)
  from space 13824K, 83% used [0xa6740000,0xa7279598,0xa74c0000)
  to   space 14848K, 0% used [0xa58c0000,0xa58c0000,0xa6740000)
 ParOldGen       total 41728K, used 26259K [0x73340000, 0x75c00000, 0x9ddc0000)
  object space 41728K, 62% used [0x73340000,0x74ce4e60,0x75c00000)
 PSPermGen       total 16384K, used 4217K [0x6b340000, 0x6c340000, 0x73340000)
  object space 16384K, 25% used [0x6b340000,0x6b75e5a0,0x6c340000)

