# JRE version: OpenJDK Runtime Environment (7.0_79-b14) (build 1.7.0_79-b14)
# Java VM: OpenJDK Server VM (24.79-b02 mixed mode linux-x86 )
Heap
 PSYoungGen      total 71424K, used 8696K [0x9ddc0000, 0xa2cc0000, 0xb3340000)
  eden space 62720K, 0% used [0x9ddc0000,0x9ddc0000,0xa1b00000)
  from space 8704K, 99% used [0xa1b00000,0xa237e230,0xa2380000)
  to   space 7936K, 0% used [0xa2380000,0xa2380000,0xa2b40000)
 ParOldGen       total 41728K, used 23424K [0x73340000, 0x75c00000, 0x9ddc0000)
  object space 41728K, 56% used [0x73340000,0x74a20100,0x75c00000)
 PSPermGen       total 16384K, used 4159K [0x6b340000, 0x6c340000, 0x73340000)
  object space 16384K, 25% used [0x6b340000,0x6b74feb0,0x6c340000)
GC Heap History (10 events):
Event: 7.662 GC heap after
Heap after GC invocations=2 (full 0):
 PSYoungGen      total 18432K, used 2556K [0x9ddc0000, 0x9f240000, 0xb3340000)
  eden space 15872K, 0% used [0x9ddc0000,0x9ddc0000,0x9ed40000)
  from space 2560K, 99% used [0x9efc0000,0x9f23f040,0x9f240000)
  to   space 2560K, 0% used [0x9ed40000,0x9ed40000,0x9efc0000)
 ParOldGen       total 41728K, used 3978K [0x73340000, 0x75c00000, 0x9ddc0000)
  object space 41728K, 9% used [0x73340000,0x73722958,0x75c00000)
 PSPermGen       total 16384K, used 4068K [0x6b340000, 0x6c340000, 0x73340000)
  object space 16384K, 24% used [0x6b340000,0x6b739088,0x6c340000)
}
Event: 9.621 GC heap before
{Heap before GC invocations=3 (full 0):
 PSYoungGen      total 18432K, used 18428K [0x9ddc0000, 0x9f240000, 0xb3340000)
  eden space 15872K, 100% used [0x9ddc0000,0x9ed40000,0x9ed40000)
  from space 2560K, 99% used [0x9efc0000,0x9f23f040,0x9f240000)
  to   space 2560K, 0% used [0x9ed40000,0x9ed40000,0x9efc0000)
 ParOldGen       total 41728K, used 3978K [0x73340000, 0x75c00000, 0x9ddc0000)
  object space 41728K, 9% used [0x73340000,0x73722958,0x75c00000)
 PSPermGen       total 16384K, used 4093K [0x6b340000, 0x6c340000, 0x73340000)
  object space 16384K, 24% used [0x6b340000,0x6b73f550,0x6c340000)
Event: 9.675 GC heap after
Heap after GC invocations=3 (full 0):
 PSYoungGen      total 18432K, used 2552K [0x9ddc0000, 0xa01c0000, 0xb3340000)
  eden space 15872K, 0% used [0x9ddc0000,0x9ddc0000,0x9ed40000)
  from space 2560K, 99% used [0x9ed40000,0x9efbe070,0x9efc0000)
  to   space 2560K, 0% used [0x9ff40000,0x9ff40000,0xa01c0000)
 ParOldGen       total 41728K, used 6786K [0x73340000, 0x75c00000, 0x9ddc0000)
  object space 41728K, 16% used [0x73340000,0x739e0a08,0x75c00000)
 PSPermGen       total 16384K, used 4093K [0x6b340000, 0x6c340000, 0x73340000)
  object space 16384K, 24% used [0x6b340000,0x6b73f550,0x6c340000)
}
Event: 11.586 GC heap before
{Heap before GC invocations=4 (full 0):
 PSYoungGen      total 18432K, used 18424K [0x9ddc0000, 0xa01c0000, 0xb3340000)
  eden space 15872K, 100% used [0x9ddc0000,0x9ed40000,0x9ed40000)
  from space 2560K, 99% used [0x9ed40000,0x9efbe070,0x9efc0000)
  to   space 2560K, 0% used [0x9ff40000,0x9ff40000,0xa01c0000)
 ParOldGen       total 41728K, used 6786K [0x73340000, 0x75c00000, 0x9ddc0000)
  object space 41728K, 16% used [0x73340000,0x739e0a08,0x75c00000)
 PSPermGen       total 16384K, used 4111K [0x6b340000, 0x6c340000, 0x73340000)
  object space 16384K, 25% used [0x6b340000,0x6b743ea0,0x6c340000)
Event: 11.642 GC heap after
Heap after GC invocations=4 (full 0):
 PSYoungGen      total 34304K, used 2549K [0x9ddc0000, 0xa01c0000, 0xb3340000)
  eden space 31744K, 0% used [0x9ddc0000,0x9ddc0000,0x9fcc0000)
  from space 2560K, 99% used [0x9ff40000,0xa01bd698,0xa01c0000)
  to   space 2560K, 0% used [0x9fcc0000,0x9fcc0000,0x9ff40000)
 ParOldGen       total 41728K, used 9484K [0x73340000, 0x75c00000, 0x9ddc0000)
  object space 41728K, 22% used [0x73340000,0x73c83380,0x75c00000)
 PSPermGen       total 16384K, used 4111K [0x6b340000, 0x6c340000, 0x73340000)
  object space 16384K, 25% used [0x6b340000,0x6b743ea0,0x6c340000)
}
Event: 15.197 GC heap before
{Heap before GC invocations=5 (full 0):
 PSYoungGen      total 34304K, used 34250K [0x9ddc0000, 0xa01c0000, 0xb3340000)
  eden space 31744K, 99% used [0x9ddc0000,0x9fcb51b0,0x9fcc0000)
  from space 2560K, 99% used [0x9ff40000,0xa01bd698,0xa01c0000)
  to   space 2560K, 0% used [0x9fcc0000,0x9fcc0000,0x9ff40000)
 ParOldGen       total 41728K, used 9484K [0x73340000, 0x75c00000, 0x9ddc0000)
  object space 41728K, 22% used [0x73340000,0x73c83380,0x75c00000)
 PSPermGen       total 16384K, used 4125K [0x6b340000, 0x6c340000, 0x73340000)
  object space 16384K, 25% used [0x6b340000,0x6b7477b0,0x6c340000)
Event: 15.285 GC heap after
Heap after GC invocations=5 (full 0):
 PSYoungGen      total 34304K, used 2550K [0x9ddc0000, 0xa2b40000, 0xb3340000)
  eden space 31744K, 0% used [0x9ddc0000,0x9ddc0000,0x9fcc0000)
  from space 2560K, 99% used [0x9fcc0000,0x9ff3dbd0,0x9ff40000)
  to   space 7936K, 0% used [0xa2380000,0xa2380000,0xa2b40000)
 ParOldGen       total 41728K, used 15018K [0x73340000, 0x75c00000, 0x9ddc0000)
  object space 41728K, 35% used [0x73340000,0x741eaa88,0x75c00000)
 PSPermGen       total 16384K, used 4125K [0x6b340000, 0x6c340000, 0x73340000)
  object space 16384K, 25% used [0x6b340000,0x6b7477b0,0x6c340000)
}
Event: 18.141 GC heap before
{Heap before GC invocations=6 (full 0):
 PSYoungGen      total 34304K, used 34294K [0x9ddc0000, 0xa2b40000, 0xb3340000)
  eden space 31744K, 100% used [0x9ddc0000,0x9fcc0000,0x9fcc0000)
  from space 2560K, 99% used [0x9fcc0000,0x9ff3dbd0,0x9ff40000)
  to   space 7936K, 0% used [0xa2380000,0xa2380000,0xa2b40000)
 ParOldGen       total 41728K, used 15018K [0x73340000, 0x75c00000, 0x9ddc0000)
  object space 41728K, 35% used [0x73340000,0x741eaa88,0x75c00000)
 PSPermGen       total 16384K, used 4139K [0x6b340000, 0x6c340000, 0x73340000)
  object space 16384K, 25% used [0x6b340000,0x6b74ad08,0x6c340000)
Event: 18.274 GC heap after
Heap after GC invocations=6 (full 0):
 PSYoungGen      total 70656K, used 7354K [0x9ddc0000, 0xa2cc0000, 0xb3340000)
  eden space 62720K, 0% used [0x9ddc0000,0x9ddc0000,0xa1b00000)
  from space 7936K, 92% used [0xa2380000,0xa2aae888,0xa2b40000)
  to   space 8704K, 0% used [0xa1b00000,0xa1b00000,0xa2380000)
 ParOldGen       total 41728K, used 15018K [0x73340000, 0x75c00000, 0x9ddc0000)
  object space 41728K, 35% used [0x73340000,0x741eaa88,0x75c00000)
 PSPermGen       total 16384K, used 4139K [0x6b340000, 0x6c340000, 0x73340000)
  object space 16384K, 25% used [0x6b340000,0x6b74ad08,0x6c340000)
}
Event: 24.337 GC heap before
{Heap before GC invocations=7 (full 0):
 PSYoungGen      total 70656K, used 70074K [0x9ddc0000, 0xa2cc0000, 0xb3340000)
  eden space 62720K, 100% used [0x9ddc0000,0xa1b00000,0xa1b00000)
  from space 7936K, 92% used [0xa2380000,0xa2aae888,0xa2b40000)
  to   space 8704K, 0% used [0xa1b00000,0xa1b00000,0xa2380000)
 ParOldGen       total 41728K, used 15018K [0x73340000, 0x75c00000, 0x9ddc0000)
  object space 41728K, 35% used [0x73340000,0x741eaa88,0x75c00000)
 PSPermGen       total 16384K, used 4159K [0x6b340000, 0x6c340000, 0x73340000)
  object space 16384K, 25% used [0x6b340000,0x6b74feb0,0x6c340000)

