# JRE version: OpenJDK Runtime Environment (7.0_79-b14) (build 1.7.0_79-b14)
# Java VM: OpenJDK Server VM (24.79-b02 mixed mode linux-x86 )
Heap
 PSYoungGen      total 70656K, used 8186K [0x9dcc0000, 0xa2ac0000, 0xb3240000)
  eden space 62464K, 0% used [0x9dcc0000,0x9dcc0000,0xa19c0000)
  from space 8192K, 99% used [0xa19c0000,0xa21bea40,0xa21c0000)
  to   space 7168K, 0% used [0xa21c0000,0xa21c0000,0xa28c0000)
 ParOldGen       total 41728K, used 23340K [0x73240000, 0x75b00000, 0x9dcc0000)
  object space 41728K, 55% used [0x73240000,0x7490b038,0x75b00000)
 PSPermGen       total 16384K, used 4166K [0x6b240000, 0x6c240000, 0x73240000)
  object space 16384K, 25% used [0x6b240000,0x6b651a78,0x6c240000)
GC Heap History (10 events):
Event: 4.586 GC heap after
Heap after GC invocations=2 (full 0):
 PSYoungGen      total 18432K, used 2554K [0x9dcc0000, 0xa00c0000, 0xb3240000)
  eden space 15872K, 0% used [0x9dcc0000,0x9dcc0000,0x9ec40000)
  from space 2560K, 99% used [0x9eec0000,0x9f13e888,0x9f140000)
  to   space 2560K, 0% used [0x9ec40000,0x9ec40000,0x9eec0000)
 ParOldGen       total 41728K, used 3955K [0x73240000, 0x75b00000, 0x9dcc0000)
  object space 41728K, 9% used [0x73240000,0x7361cc50,0x75b00000)
 PSPermGen       total 16384K, used 4068K [0x6b240000, 0x6c240000, 0x73240000)
  object space 16384K, 24% used [0x6b240000,0x6b6392d8,0x6c240000)
}
Event: 6.578 GC heap before
{Heap before GC invocations=3 (full 0):
 PSYoungGen      total 18432K, used 18426K [0x9dcc0000, 0xa00c0000, 0xb3240000)
  eden space 15872K, 100% used [0x9dcc0000,0x9ec40000,0x9ec40000)
  from space 2560K, 99% used [0x9eec0000,0x9f13e888,0x9f140000)
  to   space 2560K, 0% used [0x9ec40000,0x9ec40000,0x9eec0000)
 ParOldGen       total 41728K, used 3955K [0x73240000, 0x75b00000, 0x9dcc0000)
  object space 41728K, 9% used [0x73240000,0x7361cc50,0x75b00000)
 PSPermGen       total 16384K, used 4095K [0x6b240000, 0x6c240000, 0x73240000)
  object space 16384K, 24% used [0x6b240000,0x6b63fd20,0x6c240000)
Event: 6.610 GC heap after
Heap after GC invocations=3 (full 0):
 PSYoungGen      total 18432K, used 2544K [0x9dcc0000, 0xa00c0000, 0xb3240000)
  eden space 15872K, 0% used [0x9dcc0000,0x9dcc0000,0x9ec40000)
  from space 2560K, 99% used [0x9ec40000,0x9eebc168,0x9eec0000)
  to   space 2560K, 0% used [0x9fe40000,0x9fe40000,0xa00c0000)
 ParOldGen       total 41728K, used 6425K [0x73240000, 0x75b00000, 0x9dcc0000)
  object space 41728K, 15% used [0x73240000,0x73886438,0x75b00000)
 PSPermGen       total 16384K, used 4095K [0x6b240000, 0x6c240000, 0x73240000)
  object space 16384K, 24% used [0x6b240000,0x6b63fd20,0x6c240000)
}
Event: 8.326 GC heap before
{Heap before GC invocations=4 (full 0):
 PSYoungGen      total 18432K, used 18416K [0x9dcc0000, 0xa00c0000, 0xb3240000)
  eden space 15872K, 100% used [0x9dcc0000,0x9ec40000,0x9ec40000)
  from space 2560K, 99% used [0x9ec40000,0x9eebc168,0x9eec0000)
  to   space 2560K, 0% used [0x9fe40000,0x9fe40000,0xa00c0000)
 ParOldGen       total 41728K, used 6425K [0x73240000, 0x75b00000, 0x9dcc0000)
  object space 41728K, 15% used [0x73240000,0x73886438,0x75b00000)
 PSPermGen       total 16384K, used 4114K [0x6b240000, 0x6c240000, 0x73240000)
  object space 16384K, 25% used [0x6b240000,0x6b6448c8,0x6c240000)
Event: 8.398 GC heap after
Heap after GC invocations=4 (full 0):
 PSYoungGen      total 34304K, used 2548K [0x9dcc0000, 0xa00c0000, 0xb3240000)
  eden space 31744K, 0% used [0x9dcc0000,0x9dcc0000,0x9fbc0000)
  from space 2560K, 99% used [0x9fe40000,0xa00bd1f0,0xa00c0000)
  to   space 2560K, 0% used [0x9fbc0000,0x9fbc0000,0x9fe40000)
 ParOldGen       total 41728K, used 9294K [0x73240000, 0x75b00000, 0x9dcc0000)
  object space 41728K, 22% used [0x73240000,0x73b53898,0x75b00000)
 PSPermGen       total 16384K, used 4114K [0x6b240000, 0x6c240000, 0x73240000)
  object space 16384K, 25% used [0x6b240000,0x6b6448c8,0x6c240000)
}
Event: 12.931 GC heap before
{Heap before GC invocations=5 (full 0):
 PSYoungGen      total 34304K, used 34292K [0x9dcc0000, 0xa00c0000, 0xb3240000)
  eden space 31744K, 100% used [0x9dcc0000,0x9fbc0000,0x9fbc0000)
  from space 2560K, 99% used [0x9fe40000,0xa00bd1f0,0xa00c0000)
  to   space 2560K, 0% used [0x9fbc0000,0x9fbc0000,0x9fe40000)
 ParOldGen       total 41728K, used 9294K [0x73240000, 0x75b00000, 0x9dcc0000)
  object space 41728K, 22% used [0x73240000,0x73b53898,0x75b00000)
 PSPermGen       total 16384K, used 4128K [0x6b240000, 0x6c240000, 0x73240000)
  object space 16384K, 25% used [0x6b240000,0x6b648078,0x6c240000)
Event: 13.021 GC heap after
Heap after GC invocations=5 (full 0):
 PSYoungGen      total 34304K, used 2550K [0x9dcc0000, 0xa28c0000, 0xb3240000)
  eden space 31744K, 0% used [0x9dcc0000,0x9dcc0000,0x9fbc0000)
  from space 2560K, 99% used [0x9fbc0000,0x9fe3d970,0x9fe40000)
  to   space 7168K, 0% used [0xa21c0000,0xa21c0000,0xa28c0000)
 ParOldGen       total 41728K, used 13858K [0x73240000, 0x75b00000, 0x9dcc0000)
  object space 41728K, 33% used [0x73240000,0x73fc88b0,0x75b00000)
 PSPermGen       total 16384K, used 4128K [0x6b240000, 0x6c240000, 0x73240000)
  object space 16384K, 25% used [0x6b240000,0x6b648078,0x6c240000)
}
Event: 16.287 GC heap before
{Heap before GC invocations=6 (full 0):
 PSYoungGen      total 34304K, used 34294K [0x9dcc0000, 0xa28c0000, 0xb3240000)
  eden space 31744K, 100% used [0x9dcc0000,0x9fbc0000,0x9fbc0000)
  from space 2560K, 99% used [0x9fbc0000,0x9fe3d970,0x9fe40000)
  to   space 7168K, 0% used [0xa21c0000,0xa21c0000,0xa28c0000)
 ParOldGen       total 41728K, used 13858K [0x73240000, 0x75b00000, 0x9dcc0000)
  object space 41728K, 33% used [0x73240000,0x73fc88b0,0x75b00000)
 PSPermGen       total 16384K, used 4141K [0x6b240000, 0x6c240000, 0x73240000)
  object space 16384K, 25% used [0x6b240000,0x6b64b488,0x6c240000)
Event: 16.396 GC heap after
Heap after GC invocations=6 (full 0):
 PSYoungGen      total 69632K, used 7160K [0x9dcc0000, 0xa2ac0000, 0xb3240000)
  eden space 62464K, 0% used [0x9dcc0000,0x9dcc0000,0xa19c0000)
  from space 7168K, 99% used [0xa21c0000,0xa28be1d0,0xa28c0000)
  to   space 8192K, 0% used [0xa19c0000,0xa19c0000,0xa21c0000)
 ParOldGen       total 41728K, used 14229K [0x73240000, 0x75b00000, 0x9dcc0000)
  object space 41728K, 34% used [0x73240000,0x74025780,0x75b00000)
 PSPermGen       total 16384K, used 4141K [0x6b240000, 0x6c240000, 0x73240000)
  object space 16384K, 25% used [0x6b240000,0x6b64b488,0x6c240000)
}
Event: 26.965 GC heap before
{Heap before GC invocations=7 (full 0):
 PSYoungGen      total 69632K, used 69624K [0x9dcc0000, 0xa2ac0000, 0xb3240000)
  eden space 62464K, 100% used [0x9dcc0000,0xa19c0000,0xa19c0000)
  from space 7168K, 99% used [0xa21c0000,0xa28be1d0,0xa28c0000)
  to   space 8192K, 0% used [0xa19c0000,0xa19c0000,0xa21c0000)
 ParOldGen       total 41728K, used 14229K [0x73240000, 0x75b00000, 0x9dcc0000)
  object space 41728K, 34% used [0x73240000,0x74025780,0x75b00000)
 PSPermGen       total 16384K, used 4166K [0x6b240000, 0x6c240000, 0x73240000)
  object space 16384K, 25% used [0x6b240000,0x6b651a78,0x6c240000)

