# JRE version: OpenJDK Runtime Environment (7.0_79-b14) (build 1.7.0_79-b14)
# Java VM: OpenJDK Server VM (24.79-b02 mixed mode linux-x86 )
Heap
 PSYoungGen      total 71936K, used 9215K [0x9dd80000, 0xa2d80000, 0xb3300000)
  eden space 62720K, 0% used [0x9dd80000,0x9dd80000,0xa1ac0000)
  from space 9216K, 99% used [0xa1ac0000,0xa23bfc68,0xa23c0000)
  to   space 8448K, 0% used [0xa23c0000,0xa23c0000,0xa2c00000)
 ParOldGen       total 41728K, used 23433K [0x73300000, 0x75bc0000, 0x9dd80000)
  object space 41728K, 56% used [0x73300000,0x749e25d8,0x75bc0000)
 PSPermGen       total 16384K, used 4165K [0x6b300000, 0x6c300000, 0x73300000)
  object space 16384K, 25% used [0x6b300000,0x6b7116c0,0x6c300000)
GC Heap History (10 events):
Event: 7.661 GC heap after
Heap after GC invocations=2 (full 0):
 PSYoungGen      total 18432K, used 2546K [0x9dd80000, 0xa0180000, 0xb3300000)
  eden space 15872K, 0% used [0x9dd80000,0x9dd80000,0x9ed00000)
  from space 2560K, 99% used [0x9ef80000,0x9f1fc8e0,0x9f200000)
  to   space 2560K, 0% used [0x9ed00000,0x9ed00000,0x9ef80000)
 ParOldGen       total 41728K, used 4515K [0x73300000, 0x75bc0000, 0x9dd80000)
  object space 41728K, 10% used [0x73300000,0x73768f80,0x75bc0000)
 PSPermGen       total 16384K, used 4069K [0x6b300000, 0x6c300000, 0x73300000)
  object space 16384K, 24% used [0x6b300000,0x6b6f9708,0x6c300000)
}
Event: 9.653 GC heap before
{Heap before GC invocations=3 (full 0):
 PSYoungGen      total 18432K, used 18418K [0x9dd80000, 0xa0180000, 0xb3300000)
  eden space 15872K, 100% used [0x9dd80000,0x9ed00000,0x9ed00000)
  from space 2560K, 99% used [0x9ef80000,0x9f1fc8e0,0x9f200000)
  to   space 2560K, 0% used [0x9ed00000,0x9ed00000,0x9ef80000)
 ParOldGen       total 41728K, used 4515K [0x73300000, 0x75bc0000, 0x9dd80000)
  object space 41728K, 10% used [0x73300000,0x73768f80,0x75bc0000)
 PSPermGen       total 16384K, used 4098K [0x6b300000, 0x6c300000, 0x73300000)
  object space 16384K, 25% used [0x6b300000,0x6b700a50,0x6c300000)
Event: 9.722 GC heap after
Heap after GC invocations=3 (full 0):
 PSYoungGen      total 18432K, used 2549K [0x9dd80000, 0xa0180000, 0xb3300000)
  eden space 15872K, 0% used [0x9dd80000,0x9dd80000,0x9ed00000)
  from space 2560K, 99% used [0x9ed00000,0x9ef7d5d8,0x9ef80000)
  to   space 2560K, 0% used [0x9ff00000,0x9ff00000,0xa0180000)
 ParOldGen       total 41728K, used 7306K [0x73300000, 0x75bc0000, 0x9dd80000)
  object space 41728K, 17% used [0x73300000,0x73a22a18,0x75bc0000)
 PSPermGen       total 16384K, used 4098K [0x6b300000, 0x6c300000, 0x73300000)
  object space 16384K, 25% used [0x6b300000,0x6b700a50,0x6c300000)
}
Event: 11.634 GC heap before
{Heap before GC invocations=4 (full 0):
 PSYoungGen      total 18432K, used 18421K [0x9dd80000, 0xa0180000, 0xb3300000)
  eden space 15872K, 100% used [0x9dd80000,0x9ed00000,0x9ed00000)
  from space 2560K, 99% used [0x9ed00000,0x9ef7d5d8,0x9ef80000)
  to   space 2560K, 0% used [0x9ff00000,0x9ff00000,0xa0180000)
 ParOldGen       total 41728K, used 7306K [0x73300000, 0x75bc0000, 0x9dd80000)
  object space 41728K, 17% used [0x73300000,0x73a22a18,0x75bc0000)
 PSPermGen       total 16384K, used 4108K [0x6b300000, 0x6c300000, 0x73300000)
  object space 16384K, 25% used [0x6b300000,0x6b7033f0,0x6c300000)
Event: 11.768 GC heap after
Heap after GC invocations=4 (full 0):
 PSYoungGen      total 34304K, used 2552K [0x9dd80000, 0xa0180000, 0xb3300000)
  eden space 31744K, 0% used [0x9dd80000,0x9dd80000,0x9fc80000)
  from space 2560K, 99% used [0x9ff00000,0xa017e190,0xa0180000)
  to   space 2560K, 0% used [0x9fc80000,0x9fc80000,0x9ff00000)
 ParOldGen       total 41728K, used 10594K [0x73300000, 0x75bc0000, 0x9dd80000)
  object space 41728K, 25% used [0x73300000,0x73d58a68,0x75bc0000)
 PSPermGen       total 16384K, used 4108K [0x6b300000, 0x6c300000, 0x73300000)
  object space 16384K, 25% used [0x6b300000,0x6b7033f0,0x6c300000)
}
Event: 15.589 GC heap before
{Heap before GC invocations=5 (full 0):
 PSYoungGen      total 34304K, used 34296K [0x9dd80000, 0xa0180000, 0xb3300000)
  eden space 31744K, 100% used [0x9dd80000,0x9fc80000,0x9fc80000)
  from space 2560K, 99% used [0x9ff00000,0xa017e190,0xa0180000)
  to   space 2560K, 0% used [0x9fc80000,0x9fc80000,0x9ff00000)
 ParOldGen       total 41728K, used 10594K [0x73300000, 0x75bc0000, 0x9dd80000)
  object space 41728K, 25% used [0x73300000,0x73d58a68,0x75bc0000)
 PSPermGen       total 16384K, used 4124K [0x6b300000, 0x6c300000, 0x73300000)
  object space 16384K, 25% used [0x6b300000,0x6b707378,0x6c300000)
Event: 15.694 GC heap after
Heap after GC invocations=5 (full 0):
 PSYoungGen      total 34304K, used 2556K [0x9dd80000, 0xa2c00000, 0xb3300000)
  eden space 31744K, 0% used [0x9dd80000,0x9dd80000,0x9fc80000)
  from space 2560K, 99% used [0x9fc80000,0x9feff308,0x9ff00000)
  to   space 8448K, 0% used [0xa23c0000,0xa23c0000,0xa2c00000)
 ParOldGen       total 41728K, used 16227K [0x73300000, 0x75bc0000, 0x9dd80000)
  object space 41728K, 38% used [0x73300000,0x742d8c00,0x75bc0000)
 PSPermGen       total 16384K, used 4124K [0x6b300000, 0x6c300000, 0x73300000)
  object space 16384K, 25% used [0x6b300000,0x6b707378,0x6c300000)
}
Event: 19.194 GC heap before
{Heap before GC invocations=6 (full 0):
 PSYoungGen      total 34304K, used 34300K [0x9dd80000, 0xa2c00000, 0xb3300000)
  eden space 31744K, 100% used [0x9dd80000,0x9fc80000,0x9fc80000)
  from space 2560K, 99% used [0x9fc80000,0x9feff308,0x9ff00000)
  to   space 8448K, 0% used [0xa23c0000,0xa23c0000,0xa2c00000)
 ParOldGen       total 41728K, used 16227K [0x73300000, 0x75bc0000, 0x9dd80000)
  object space 41728K, 38% used [0x73300000,0x742d8c00,0x75bc0000)
 PSPermGen       total 16384K, used 4142K [0x6b300000, 0x6c300000, 0x73300000)
  object space 16384K, 25% used [0x6b300000,0x6b70bad8,0x6c300000)
Event: 19.325 GC heap after
Heap after GC invocations=6 (full 0):
 PSYoungGen      total 71168K, used 7922K [0x9dd80000, 0xa2d80000, 0xb3300000)
  eden space 62720K, 0% used [0x9dd80000,0x9dd80000,0xa1ac0000)
  from space 8448K, 93% used [0xa23c0000,0xa2b7ca00,0xa2c00000)
  to   space 9216K, 0% used [0xa1ac0000,0xa1ac0000,0xa23c0000)
 ParOldGen       total 41728K, used 16227K [0x73300000, 0x75bc0000, 0x9dd80000)
  object space 41728K, 38% used [0x73300000,0x742d8c00,0x75bc0000)
 PSPermGen       total 16384K, used 4142K [0x6b300000, 0x6c300000, 0x73300000)
  object space 16384K, 25% used [0x6b300000,0x6b70bad8,0x6c300000)
}
Event: 25.067 GC heap before
{Heap before GC invocations=7 (full 0):
 PSYoungGen      total 71168K, used 70642K [0x9dd80000, 0xa2d80000, 0xb3300000)
  eden space 62720K, 100% used [0x9dd80000,0xa1ac0000,0xa1ac0000)
  from space 8448K, 93% used [0xa23c0000,0xa2b7ca00,0xa2c00000)
  to   space 9216K, 0% used [0xa1ac0000,0xa1ac0000,0xa23c0000)
 ParOldGen       total 41728K, used 16227K [0x73300000, 0x75bc0000, 0x9dd80000)
  object space 41728K, 38% used [0x73300000,0x742d8c00,0x75bc0000)
 PSPermGen       total 16384K, used 4165K [0x6b300000, 0x6c300000, 0x73300000)
  object space 16384K, 25% used [0x6b300000,0x6b7116c0,0x6c300000)

