# JRE version: OpenJDK Runtime Environment (7.0_79-b14) (build 1.7.0_79-b14)
# Java VM: OpenJDK Server VM (24.79-b02 mixed mode linux-x86 )
Heap
 PSYoungGen      total 135936K, used 135930K [0x9ddc0000, 0xa7bc0000, 0xb3340000)
  eden space 121600K, 100% used [0x9ddc0000,0xa5480000,0xa5480000)
  from space 14336K, 99% used [0xa6640000,0xa743e858,0xa7440000)
  to   space 18176K, 99% used [0xa5480000,0xa663fea0,0xa6640000)
 ParOldGen       total 41728K, used 41504K [0x73340000, 0x75c00000, 0x9ddc0000)
  object space 41728K, 99% used [0x73340000,0x75bc8348,0x75c00000)
 PSPermGen       total 16384K, used 4224K [0x6b340000, 0x6c340000, 0x73340000)
  object space 16384K, 25% used [0x6b340000,0x6b760090,0x6c340000)
GC Heap History (10 events):
Event: 8.338 GC heap before
{Heap before GC invocations=4 (full 0):
 PSYoungGen      total 18432K, used 18421K [0x9ddc0000, 0xa01c0000, 0xb3340000)
  eden space 15872K, 100% used [0x9ddc0000,0x9ed40000,0x9ed40000)
  from space 2560K, 99% used [0x9ed40000,0x9efbd6b0,0x9efc0000)
  to   space 2560K, 0% used [0x9ff40000,0x9ff40000,0xa01c0000)
 ParOldGen       total 41728K, used 7544K [0x73340000, 0x75c00000, 0x9ddc0000)
  object space 41728K, 18% used [0x73340000,0x73a9e238,0x75c00000)
 PSPermGen       total 16384K, used 4108K [0x6b340000, 0x6c340000, 0x73340000)
  object space 16384K, 25% used [0x6b340000,0x6b7433c0,0x6c340000)
Event: 8.400 GC heap after
Heap after GC invocations=4 (full 0):
 PSYoungGen      total 34304K, used 2557K [0x9ddc0000, 0xa01c0000, 0xb3340000)
  eden space 31744K, 0% used [0x9ddc0000,0x9ddc0000,0x9fcc0000)
  from space 2560K, 99% used [0x9ff40000,0xa01bf6a0,0xa01c0000)
  to   space 2560K, 0% used [0x9fcc0000,0x9fcc0000,0x9ff40000)
 ParOldGen       total 41728K, used 10722K [0x73340000, 0x75c00000, 0x9ddc0000)
  object space 41728K, 25% used [0x73340000,0x73db89c0,0x75c00000)
 PSPermGen       total 16384K, used 4108K [0x6b340000, 0x6c340000, 0x73340000)
  object space 16384K, 25% used [0x6b340000,0x6b7433c0,0x6c340000)
}
Event: 12.089 GC heap before
{Heap before GC invocations=5 (full 0):
 PSYoungGen      total 34304K, used 34301K [0x9ddc0000, 0xa01c0000, 0xb3340000)
  eden space 31744K, 100% used [0x9ddc0000,0x9fcc0000,0x9fcc0000)
  from space 2560K, 99% used [0x9ff40000,0xa01bf6a0,0xa01c0000)
  to   space 2560K, 0% used [0x9fcc0000,0x9fcc0000,0x9ff40000)
 ParOldGen       total 41728K, used 10722K [0x73340000, 0x75c00000, 0x9ddc0000)
  object space 41728K, 25% used [0x73340000,0x73db89c0,0x75c00000)
 PSPermGen       total 16384K, used 4126K [0x6b340000, 0x6c340000, 0x73340000)
  object space 16384K, 25% used [0x6b340000,0x6b747890,0x6c340000)
Event: 12.287 GC heap after
Heap after GC invocations=5 (full 0):
 PSYoungGen      total 34304K, used 2548K [0x9ddc0000, 0xa2c40000, 0xb3340000)
  eden space 31744K, 0% used [0x9ddc0000,0x9ddc0000,0x9fcc0000)
  from space 2560K, 99% used [0x9fcc0000,0x9ff3d330,0x9ff40000)
  to   space 8448K, 0% used [0xa2400000,0xa2400000,0xa2c40000)
 ParOldGen       total 41728K, used 16518K [0x73340000, 0x75c00000, 0x9ddc0000)
  object space 41728K, 39% used [0x73340000,0x74361930,0x75c00000)
 PSPermGen       total 16384K, used 4126K [0x6b340000, 0x6c340000, 0x73340000)
  object space 16384K, 25% used [0x6b340000,0x6b747890,0x6c340000)
}
Event: 15.357 GC heap before
{Heap before GC invocations=6 (full 0):
 PSYoungGen      total 34304K, used 34292K [0x9ddc0000, 0xa2c40000, 0xb3340000)
  eden space 31744K, 100% used [0x9ddc0000,0x9fcc0000,0x9fcc0000)
  from space 2560K, 99% used [0x9fcc0000,0x9ff3d330,0x9ff40000)
  to   space 8448K, 0% used [0xa2400000,0xa2400000,0xa2c40000)
 ParOldGen       total 41728K, used 16518K [0x73340000, 0x75c00000, 0x9ddc0000)
  object space 41728K, 39% used [0x73340000,0x74361930,0x75c00000)
 PSPermGen       total 16384K, used 4142K [0x6b340000, 0x6c340000, 0x73340000)
  object space 16384K, 25% used [0x6b340000,0x6b74bae0,0x6c340000)
Event: 15.503 GC heap after
Heap after GC invocations=6 (full 0):
 PSYoungGen      total 71168K, used 8017K [0x9ddc0000, 0xa2dc0000, 0xb3340000)
  eden space 62720K, 0% used [0x9ddc0000,0x9ddc0000,0xa1b00000)
  from space 8448K, 94% used [0xa2400000,0xa2bd4780,0xa2c40000)
  to   space 9216K, 0% used [0xa1b00000,0xa1b00000,0xa2400000)
 ParOldGen       total 41728K, used 16518K [0x73340000, 0x75c00000, 0x9ddc0000)
  object space 41728K, 39% used [0x73340000,0x74361930,0x75c00000)
 PSPermGen       total 16384K, used 4142K [0x6b340000, 0x6c340000, 0x73340000)
  object space 16384K, 25% used [0x6b340000,0x6b74bae0,0x6c340000)
}
Event: 21.128 GC heap before
{Heap before GC invocations=7 (full 0):
 PSYoungGen      total 71168K, used 70737K [0x9ddc0000, 0xa2dc0000, 0xb3340000)
  eden space 62720K, 100% used [0x9ddc0000,0xa1b00000,0xa1b00000)
  from space 8448K, 94% used [0xa2400000,0xa2bd4780,0xa2c40000)
  to   space 9216K, 0% used [0xa1b00000,0xa1b00000,0xa2400000)
 ParOldGen       total 41728K, used 16518K [0x73340000, 0x75c00000, 0x9ddc0000)
  object space 41728K, 39% used [0x73340000,0x74361930,0x75c00000)
 PSPermGen       total 16384K, used 4164K [0x6b340000, 0x6c340000, 0x73340000)
  object space 16384K, 25% used [0x6b340000,0x6b7513f8,0x6c340000)
Event: 25.205 GC heap after
Heap after GC invocations=7 (full 0):
 PSYoungGen      total 71936K, used 9212K [0x9ddc0000, 0xa7440000, 0xb3340000)
  eden space 62720K, 0% used [0x9ddc0000,0x9ddc0000,0xa1b00000)
  from space 9216K, 99% used [0xa1b00000,0xa23ff1b8,0xa2400000)
  to   space 14336K, 0% used [0xa6640000,0xa6640000,0xa7440000)
 ParOldGen       total 41728K, used 24386K [0x73340000, 0x75c00000, 0x9ddc0000)
  object space 41728K, 58% used [0x73340000,0x74b10950,0x75c00000)
 PSPermGen       total 16384K, used 4164K [0x6b340000, 0x6c340000, 0x73340000)
  object space 16384K, 25% used [0x6b340000,0x6b7513f8,0x6c340000)
}
Event: 27.195 GC heap before
{Heap before GC invocations=8 (full 0):
 PSYoungGen      total 71936K, used 71932K [0x9ddc0000, 0xa7440000, 0xb3340000)
  eden space 62720K, 100% used [0x9ddc0000,0xa1b00000,0xa1b00000)
  from space 9216K, 99% used [0xa1b00000,0xa23ff1b8,0xa2400000)
  to   space 14336K, 0% used [0xa6640000,0xa6640000,0xa7440000)
 ParOldGen       total 41728K, used 24386K [0x73340000, 0x75c00000, 0x9ddc0000)
  object space 41728K, 58% used [0x73340000,0x74b10950,0x75c00000)
 PSPermGen       total 16384K, used 4182K [0x6b340000, 0x6c340000, 0x73340000)
  object space 16384K, 25% used [0x6b340000,0x6b755988,0x6c340000)
Event: 27.274 GC heap after
Heap after GC invocations=8 (full 0):
 PSYoungGen      total 135936K, used 14330K [0x9ddc0000, 0xa7bc0000, 0xb3340000)
  eden space 121600K, 0% used [0x9ddc0000,0x9ddc0000,0xa5480000)
  from space 14336K, 99% used [0xa6640000,0xa743e858,0xa7440000)
  to   space 18176K, 0% used [0xa5480000,0xa5480000,0xa6640000)
 ParOldGen       total 41728K, used 28413K [0x73340000, 0x75c00000, 0x9ddc0000)
  object space 41728K, 68% used [0x73340000,0x74eff5a0,0x75c00000)
 PSPermGen       total 16384K, used 4182K [0x6b340000, 0x6c340000, 0x73340000)
  object space 16384K, 25% used [0x6b340000,0x6b755988,0x6c340000)
}

