# JRE version: OpenJDK Runtime Environment (7.0_79-b14) (build 1.7.0_79-b14)
# Java VM: OpenJDK Server VM (24.79-b02 mixed mode linux-x86 )
Heap
 PSYoungGen      total 71680K, used 8946K [0x9ddc0000, 0xa2d40000, 0xb3340000)
  eden space 62720K, 0% used [0x9ddc0000,0x9ddc0000,0xa1b00000)
  from space 8960K, 99% used [0xa1b00000,0xa23bc9c8,0xa23c0000)
  to   space 8192K, 0% used [0xa23c0000,0xa23c0000,0xa2bc0000)
 ParOldGen       total 41728K, used 24022K [0x73340000, 0x75c00000, 0x9ddc0000)
  object space 41728K, 57% used [0x73340000,0x74ab5a88,0x75c00000)
 PSPermGen       total 16384K, used 4164K [0x6b340000, 0x6c340000, 0x73340000)
  object space 16384K, 25% used [0x6b340000,0x6b751258,0x6c340000)
GC Heap History (10 events):
Event: 4.189 GC heap after
Heap after GC invocations=2 (full 0):
 PSYoungGen      total 18432K, used 2557K [0x9ddc0000, 0xa01c0000, 0xb3340000)
  eden space 15872K, 0% used [0x9ddc0000,0x9ddc0000,0x9ed40000)
  from space 2560K, 99% used [0x9efc0000,0x9f23f770,0x9f240000)
  to   space 2560K, 0% used [0x9ed40000,0x9ed40000,0x9efc0000)
 ParOldGen       total 41728K, used 4794K [0x73340000, 0x75c00000, 0x9ddc0000)
  object space 41728K, 11% used [0x73340000,0x737ee8e0,0x75c00000)
 PSPermGen       total 16384K, used 4070K [0x6b340000, 0x6c340000, 0x73340000)
  object space 16384K, 24% used [0x6b340000,0x6b739b10,0x6c340000)
}
Event: 5.953 GC heap before
{Heap before GC invocations=3 (full 0):
 PSYoungGen      total 18432K, used 18429K [0x9ddc0000, 0xa01c0000, 0xb3340000)
  eden space 15872K, 100% used [0x9ddc0000,0x9ed40000,0x9ed40000)
  from space 2560K, 99% used [0x9efc0000,0x9f23f770,0x9f240000)
  to   space 2560K, 0% used [0x9ed40000,0x9ed40000,0x9efc0000)
 ParOldGen       total 41728K, used 4794K [0x73340000, 0x75c00000, 0x9ddc0000)
  object space 41728K, 11% used [0x73340000,0x737ee8e0,0x75c00000)
 PSPermGen       total 16384K, used 4097K [0x6b340000, 0x6c340000, 0x73340000)
  object space 16384K, 25% used [0x6b340000,0x6b740688,0x6c340000)
Event: 5.996 GC heap after
Heap after GC invocations=3 (full 0):
 PSYoungGen      total 18432K, used 2549K [0x9ddc0000, 0xa01c0000, 0xb3340000)
  eden space 15872K, 0% used [0x9ddc0000,0x9ddc0000,0x9ed40000)
  from space 2560K, 99% used [0x9ed40000,0x9efbd798,0x9efc0000)
  to   space 2560K, 0% used [0x9ff40000,0x9ff40000,0xa01c0000)
 ParOldGen       total 41728K, used 7644K [0x73340000, 0x75c00000, 0x9ddc0000)
  object space 41728K, 18% used [0x73340000,0x73ab7298,0x75c00000)
 PSPermGen       total 16384K, used 4097K [0x6b340000, 0x6c340000, 0x73340000)
  object space 16384K, 25% used [0x6b340000,0x6b740688,0x6c340000)
}
Event: 7.903 GC heap before
{Heap before GC invocations=4 (full 0):
 PSYoungGen      total 18432K, used 18421K [0x9ddc0000, 0xa01c0000, 0xb3340000)
  eden space 15872K, 100% used [0x9ddc0000,0x9ed40000,0x9ed40000)
  from space 2560K, 99% used [0x9ed40000,0x9efbd798,0x9efc0000)
  to   space 2560K, 0% used [0x9ff40000,0x9ff40000,0xa01c0000)
 ParOldGen       total 41728K, used 7644K [0x73340000, 0x75c00000, 0x9ddc0000)
  object space 41728K, 18% used [0x73340000,0x73ab7298,0x75c00000)
 PSPermGen       total 16384K, used 4108K [0x6b340000, 0x6c340000, 0x73340000)
  object space 16384K, 25% used [0x6b340000,0x6b7433b0,0x6c340000)
Event: 7.960 GC heap after
Heap after GC invocations=4 (full 0):
 PSYoungGen      total 34304K, used 2555K [0x9ddc0000, 0xa01c0000, 0xb3340000)
  eden space 31744K, 0% used [0x9ddc0000,0x9ddc0000,0x9fcc0000)
  from space 2560K, 99% used [0x9ff40000,0xa01bef00,0xa01c0000)
  to   space 2560K, 0% used [0x9fcc0000,0x9fcc0000,0x9ff40000)
 ParOldGen       total 41728K, used 10698K [0x73340000, 0x75c00000, 0x9ddc0000)
  object space 41728K, 25% used [0x73340000,0x73db2998,0x75c00000)
 PSPermGen       total 16384K, used 4108K [0x6b340000, 0x6c340000, 0x73340000)
  object space 16384K, 25% used [0x6b340000,0x6b7433b0,0x6c340000)
}
Event: 11.338 GC heap before
{Heap before GC invocations=5 (full 0):
 PSYoungGen      total 34304K, used 34299K [0x9ddc0000, 0xa01c0000, 0xb3340000)
  eden space 31744K, 100% used [0x9ddc0000,0x9fcc0000,0x9fcc0000)
  from space 2560K, 99% used [0x9ff40000,0xa01bef00,0xa01c0000)
  to   space 2560K, 0% used [0x9fcc0000,0x9fcc0000,0x9ff40000)
 ParOldGen       total 41728K, used 10698K [0x73340000, 0x75c00000, 0x9ddc0000)
  object space 41728K, 25% used [0x73340000,0x73db2998,0x75c00000)
 PSPermGen       total 16384K, used 4123K [0x6b340000, 0x6c340000, 0x73340000)
  object space 16384K, 25% used [0x6b340000,0x6b746ce8,0x6c340000)
Event: 11.462 GC heap after
Heap after GC invocations=5 (full 0):
 PSYoungGen      total 34304K, used 2547K [0x9ddc0000, 0xa2bc0000, 0xb3340000)
  eden space 31744K, 0% used [0x9ddc0000,0x9ddc0000,0x9fcc0000)
  from space 2560K, 99% used [0x9fcc0000,0x9ff3ccd0,0x9ff40000)
  to   space 8192K, 0% used [0xa23c0000,0xa23c0000,0xa2bc0000)
 ParOldGen       total 41728K, used 16344K [0x73340000, 0x75c00000, 0x9ddc0000)
  object space 41728K, 39% used [0x73340000,0x743362f8,0x75c00000)
 PSPermGen       total 16384K, used 4123K [0x6b340000, 0x6c340000, 0x73340000)
  object space 16384K, 25% used [0x6b340000,0x6b746ce8,0x6c340000)
}
Event: 15.095 GC heap before
{Heap before GC invocations=6 (full 0):
 PSYoungGen      total 34304K, used 34291K [0x9ddc0000, 0xa2bc0000, 0xb3340000)
  eden space 31744K, 100% used [0x9ddc0000,0x9fcc0000,0x9fcc0000)
  from space 2560K, 99% used [0x9fcc0000,0x9ff3ccd0,0x9ff40000)
  to   space 8192K, 0% used [0xa23c0000,0xa23c0000,0xa2bc0000)
 ParOldGen       total 41728K, used 16344K [0x73340000, 0x75c00000, 0x9ddc0000)
  object space 41728K, 39% used [0x73340000,0x743362f8,0x75c00000)
 PSPermGen       total 16384K, used 4142K [0x6b340000, 0x6c340000, 0x73340000)
  object space 16384K, 25% used [0x6b340000,0x6b74b9f0,0x6c340000)
Event: 15.230 GC heap after
Heap after GC invocations=6 (full 0):
 PSYoungGen      total 70912K, used 7872K [0x9ddc0000, 0xa2d40000, 0xb3340000)
  eden space 62720K, 0% used [0x9ddc0000,0x9ddc0000,0xa1b00000)
  from space 8192K, 96% used [0xa23c0000,0xa2b700b8,0xa2bc0000)
  to   space 8960K, 0% used [0xa1b00000,0xa1b00000,0xa23c0000)
 ParOldGen       total 41728K, used 16344K [0x73340000, 0x75c00000, 0x9ddc0000)
  object space 41728K, 39% used [0x73340000,0x743362f8,0x75c00000)
 PSPermGen       total 16384K, used 4142K [0x6b340000, 0x6c340000, 0x73340000)
  object space 16384K, 25% used [0x6b340000,0x6b74b9f0,0x6c340000)
}
Event: 21.950 GC heap before
{Heap before GC invocations=7 (full 0):
 PSYoungGen      total 70912K, used 70592K [0x9ddc0000, 0xa2d40000, 0xb3340000)
  eden space 62720K, 100% used [0x9ddc0000,0xa1b00000,0xa1b00000)
  from space 8192K, 96% used [0xa23c0000,0xa2b700b8,0xa2bc0000)
  to   space 8960K, 0% used [0xa1b00000,0xa1b00000,0xa23c0000)
 ParOldGen       total 41728K, used 16344K [0x73340000, 0x75c00000, 0x9ddc0000)
  object space 41728K, 39% used [0x73340000,0x743362f8,0x75c00000)
 PSPermGen       total 16384K, used 4164K [0x6b340000, 0x6c340000, 0x73340000)
  object space 16384K, 25% used [0x6b340000,0x6b751258,0x6c340000)

