# JRE version: OpenJDK Runtime Environment (7.0_79-b14) (build 1.7.0_79-b14)
# Java VM: OpenJDK Server VM (24.79-b02 mixed mode linux-x86 )
Heap
 PSYoungGen      total 71680K, used 8952K [0x9dd80000, 0xa2d00000, 0xb3300000)
  eden space 62720K, 0% used [0x9dd80000,0x9dd80000,0xa1ac0000)
  from space 8960K, 99% used [0xa1ac0000,0xa237e190,0xa2380000)
  to   space 8192K, 0% used [0xa2380000,0xa2380000,0xa2b80000)
 ParOldGen       total 41728K, used 24383K [0x73300000, 0x75bc0000, 0x9dd80000)
  object space 41728K, 58% used [0x73300000,0x74acfe40,0x75bc0000)
 PSPermGen       total 16384K, used 4162K [0x6b300000, 0x6c300000, 0x73300000)
  object space 16384K, 25% used [0x6b300000,0x6b710a48,0x6c300000)
GC Heap History (10 events):
Event: 4.446 GC heap after
Heap after GC invocations=2 (full 0):
 PSYoungGen      total 18432K, used 2551K [0x9dd80000, 0xa0180000, 0xb3300000)
  eden space 15872K, 0% used [0x9dd80000,0x9dd80000,0x9ed00000)
  from space 2560K, 99% used [0x9ef80000,0x9f1fdd00,0x9f200000)
  to   space 2560K, 0% used [0x9ed00000,0x9ed00000,0x9ef80000)
 ParOldGen       total 41728K, used 4626K [0x73300000, 0x75bc0000, 0x9dd80000)
  object space 41728K, 11% used [0x73300000,0x737849e8,0x75bc0000)
 PSPermGen       total 16384K, used 4069K [0x6b300000, 0x6c300000, 0x73300000)
  object space 16384K, 24% used [0x6b300000,0x6b6f9630,0x6c300000)
}
Event: 6.119 GC heap before
{Heap before GC invocations=3 (full 0):
 PSYoungGen      total 18432K, used 18423K [0x9dd80000, 0xa0180000, 0xb3300000)
  eden space 15872K, 100% used [0x9dd80000,0x9ed00000,0x9ed00000)
  from space 2560K, 99% used [0x9ef80000,0x9f1fdd00,0x9f200000)
  to   space 2560K, 0% used [0x9ed00000,0x9ed00000,0x9ef80000)
 ParOldGen       total 41728K, used 4626K [0x73300000, 0x75bc0000, 0x9dd80000)
  object space 41728K, 11% used [0x73300000,0x737849e8,0x75bc0000)
 PSPermGen       total 16384K, used 4096K [0x6b300000, 0x6c300000, 0x73300000)
  object space 16384K, 25% used [0x6b300000,0x6b700328,0x6c300000)
Event: 6.159 GC heap after
Heap after GC invocations=3 (full 0):
 PSYoungGen      total 18432K, used 2552K [0x9dd80000, 0xa0180000, 0xb3300000)
  eden space 15872K, 0% used [0x9dd80000,0x9dd80000,0x9ed00000)
  from space 2560K, 99% used [0x9ed00000,0x9ef7e160,0x9ef80000)
  to   space 2560K, 0% used [0x9ff00000,0x9ff00000,0xa0180000)
 ParOldGen       total 41728K, used 7672K [0x73300000, 0x75bc0000, 0x9dd80000)
  object space 41728K, 18% used [0x73300000,0x73a7e330,0x75bc0000)
 PSPermGen       total 16384K, used 4096K [0x6b300000, 0x6c300000, 0x73300000)
  object space 16384K, 25% used [0x6b300000,0x6b700328,0x6c300000)
}
Event: 8.068 GC heap before
{Heap before GC invocations=4 (full 0):
 PSYoungGen      total 18432K, used 18424K [0x9dd80000, 0xa0180000, 0xb3300000)
  eden space 15872K, 100% used [0x9dd80000,0x9ed00000,0x9ed00000)
  from space 2560K, 99% used [0x9ed00000,0x9ef7e160,0x9ef80000)
  to   space 2560K, 0% used [0x9ff00000,0x9ff00000,0xa0180000)
 ParOldGen       total 41728K, used 7672K [0x73300000, 0x75bc0000, 0x9dd80000)
  object space 41728K, 18% used [0x73300000,0x73a7e330,0x75bc0000)
 PSPermGen       total 16384K, used 4106K [0x6b300000, 0x6c300000, 0x73300000)
  object space 16384K, 25% used [0x6b300000,0x6b702bf0,0x6c300000)
Event: 8.130 GC heap after
Heap after GC invocations=4 (full 0):
 PSYoungGen      total 34304K, used 2556K [0x9dd80000, 0xa0180000, 0xb3300000)
  eden space 31744K, 0% used [0x9dd80000,0x9dd80000,0x9fc80000)
  from space 2560K, 99% used [0x9ff00000,0xa017f310,0xa0180000)
  to   space 2560K, 0% used [0x9fc80000,0x9fc80000,0x9ff00000)
 ParOldGen       total 41728K, used 10791K [0x73300000, 0x75bc0000, 0x9dd80000)
  object space 41728K, 25% used [0x73300000,0x73d89d68,0x75bc0000)
 PSPermGen       total 16384K, used 4106K [0x6b300000, 0x6c300000, 0x73300000)
  object space 16384K, 25% used [0x6b300000,0x6b702bf0,0x6c300000)
}
Event: 11.771 GC heap before
{Heap before GC invocations=5 (full 0):
 PSYoungGen      total 34304K, used 34300K [0x9dd80000, 0xa0180000, 0xb3300000)
  eden space 31744K, 100% used [0x9dd80000,0x9fc80000,0x9fc80000)
  from space 2560K, 99% used [0x9ff00000,0xa017f310,0xa0180000)
  to   space 2560K, 0% used [0x9fc80000,0x9fc80000,0x9ff00000)
 ParOldGen       total 41728K, used 10791K [0x73300000, 0x75bc0000, 0x9dd80000)
  object space 41728K, 25% used [0x73300000,0x73d89d68,0x75bc0000)
 PSPermGen       total 16384K, used 4123K [0x6b300000, 0x6c300000, 0x73300000)
  object space 16384K, 25% used [0x6b300000,0x6b706c08,0x6c300000)
Event: 11.851 GC heap after
Heap after GC invocations=5 (full 0):
 PSYoungGen      total 34304K, used 2547K [0x9dd80000, 0xa2b80000, 0xb3300000)
  eden space 31744K, 0% used [0x9dd80000,0x9dd80000,0x9fc80000)
  from space 2560K, 99% used [0x9fc80000,0x9fefcf50,0x9ff00000)
  to   space 8192K, 0% used [0xa2380000,0xa2380000,0xa2b80000)
 ParOldGen       total 41728K, used 16253K [0x73300000, 0x75bc0000, 0x9dd80000)
  object space 41728K, 38% used [0x73300000,0x742df620,0x75bc0000)
 PSPermGen       total 16384K, used 4123K [0x6b300000, 0x6c300000, 0x73300000)
  object space 16384K, 25% used [0x6b300000,0x6b706c08,0x6c300000)
}
Event: 15.523 GC heap before
{Heap before GC invocations=6 (full 0):
 PSYoungGen      total 34304K, used 34291K [0x9dd80000, 0xa2b80000, 0xb3300000)
  eden space 31744K, 100% used [0x9dd80000,0x9fc80000,0x9fc80000)
  from space 2560K, 99% used [0x9fc80000,0x9fefcf50,0x9ff00000)
  to   space 8192K, 0% used [0xa2380000,0xa2380000,0xa2b80000)
 ParOldGen       total 41728K, used 16253K [0x73300000, 0x75bc0000, 0x9dd80000)
  object space 41728K, 38% used [0x73300000,0x742df620,0x75bc0000)
 PSPermGen       total 16384K, used 4140K [0x6b300000, 0x6c300000, 0x73300000)
  object space 16384K, 25% used [0x6b300000,0x6b70b2e0,0x6c300000)
Event: 15.624 GC heap after
Heap after GC invocations=6 (full 0):
 PSYoungGen      total 70912K, used 7822K [0x9dd80000, 0xa2d00000, 0xb3300000)
  eden space 62720K, 0% used [0x9dd80000,0x9dd80000,0xa1ac0000)
  from space 8192K, 95% used [0xa2380000,0xa2b23a00,0xa2b80000)
  to   space 8960K, 0% used [0xa1ac0000,0xa1ac0000,0xa2380000)
 ParOldGen       total 41728K, used 16253K [0x73300000, 0x75bc0000, 0x9dd80000)
  object space 41728K, 38% used [0x73300000,0x742df620,0x75bc0000)
 PSPermGen       total 16384K, used 4140K [0x6b300000, 0x6c300000, 0x73300000)
  object space 16384K, 25% used [0x6b300000,0x6b70b2e0,0x6c300000)
}
Event: 23.402 GC heap before
{Heap before GC invocations=7 (full 0):
 PSYoungGen      total 70912K, used 70542K [0x9dd80000, 0xa2d00000, 0xb3300000)
  eden space 62720K, 100% used [0x9dd80000,0xa1ac0000,0xa1ac0000)
  from space 8192K, 95% used [0xa2380000,0xa2b23a00,0xa2b80000)
  to   space 8960K, 0% used [0xa1ac0000,0xa1ac0000,0xa2380000)
 ParOldGen       total 41728K, used 16253K [0x73300000, 0x75bc0000, 0x9dd80000)
  object space 41728K, 38% used [0x73300000,0x742df620,0x75bc0000)
 PSPermGen       total 16384K, used 4162K [0x6b300000, 0x6c300000, 0x73300000)
  object space 16384K, 25% used [0x6b300000,0x6b710a48,0x6c300000)

