# JRE version: OpenJDK Runtime Environment (7.0_79-b14) (build 1.7.0_79-b14)
# Java VM: OpenJDK Server VM (24.79-b02 mixed mode linux-x86 )
Heap
 PSYoungGen      total 140288K, used 15098K [0x9dd80000, 0xa7700000, 0xb3300000)
  eden space 125184K, 0% used [0x9dd80000,0x9dd80000,0xa57c0000)
  from space 15104K, 99% used [0xa57c0000,0xa667ebb8,0xa6680000)
  to   space 13312K, 0% used [0xa6680000,0xa6680000,0xa7380000)
 ParOldGen       total 41728K, used 40524K [0x73300000, 0x75bc0000, 0x9dd80000)
  object space 41728K, 97% used [0x73300000,0x75a93318,0x75bc0000)
 PSPermGen       total 16384K, used 4217K [0x6b300000, 0x6c300000, 0x73300000)
  object space 16384K, 25% used [0x6b300000,0x6b71e580,0x6c300000)
GC Heap History (10 events):
Event: 3.258 GC heap after
Heap after GC invocations=2 (full 0):
 PSYoungGen      total 34304K, used 2556K [0x9dd80000, 0xa0180000, 0xb3300000)
  eden space 31744K, 0% used [0x9dd80000,0x9dd80000,0x9fc80000)
  from space 2560K, 99% used [0x9ff00000,0xa017f000,0xa0180000)
  to   space 2560K, 0% used [0x9fc80000,0x9fc80000,0x9ff00000)
 ParOldGen       total 41728K, used 4471K [0x73300000, 0x75bc0000, 0x9dd80000)
  object space 41728K, 10% used [0x73300000,0x7375df30,0x75bc0000)
 PSPermGen       total 16384K, used 4068K [0x6b300000, 0x6c300000, 0x73300000)
  object space 16384K, 24% used [0x6b300000,0x6b6f91e0,0x6c300000)
}
Event: 7.453 GC heap before
{Heap before GC invocations=3 (full 0):
 PSYoungGen      total 34304K, used 34300K [0x9dd80000, 0xa0180000, 0xb3300000)
  eden space 31744K, 100% used [0x9dd80000,0x9fc80000,0x9fc80000)
  from space 2560K, 99% used [0x9ff00000,0xa017f000,0xa0180000)
  to   space 2560K, 0% used [0x9fc80000,0x9fc80000,0x9ff00000)
 ParOldGen       total 41728K, used 4471K [0x73300000, 0x75bc0000, 0x9dd80000)
  object space 41728K, 10% used [0x73300000,0x7375df30,0x75bc0000)
 PSPermGen       total 16384K, used 4107K [0x6b300000, 0x6c300000, 0x73300000)
  object space 16384K, 25% used [0x6b300000,0x6b702c38,0x6c300000)
Event: 7.558 GC heap after
Heap after GC invocations=3 (full 0):
 PSYoungGen      total 34304K, used 2551K [0x9dd80000, 0xa2080000, 0xb3300000)
  eden space 31744K, 0% used [0x9dd80000,0x9dd80000,0x9fc80000)
  from space 2560K, 99% used [0x9fc80000,0x9fefdc18,0x9ff00000)
  to   space 2560K, 0% used [0xa1e00000,0xa1e00000,0xa2080000)
 ParOldGen       total 41728K, used 10038K [0x73300000, 0x75bc0000, 0x9dd80000)
  object space 41728K, 24% used [0x73300000,0x73ccda78,0x75bc0000)
 PSPermGen       total 16384K, used 4107K [0x6b300000, 0x6c300000, 0x73300000)
  object space 16384K, 25% used [0x6b300000,0x6b702c38,0x6c300000)
}
Event: 11.265 GC heap before
{Heap before GC invocations=4 (full 0):
 PSYoungGen      total 34304K, used 34295K [0x9dd80000, 0xa2080000, 0xb3300000)
  eden space 31744K, 100% used [0x9dd80000,0x9fc80000,0x9fc80000)
  from space 2560K, 99% used [0x9fc80000,0x9fefdc18,0x9ff00000)
  to   space 2560K, 0% used [0xa1e00000,0xa1e00000,0xa2080000)
 ParOldGen       total 41728K, used 10038K [0x73300000, 0x75bc0000, 0x9dd80000)
  object space 41728K, 24% used [0x73300000,0x73ccda78,0x75bc0000)
 PSPermGen       total 16384K, used 4123K [0x6b300000, 0x6c300000, 0x73300000)
  object space 16384K, 25% used [0x6b300000,0x6b706d80,0x6c300000)
Event: 11.415 GC heap after
Heap after GC invocations=4 (full 0):
 PSYoungGen      total 66048K, used 2548K [0x9dd80000, 0xa2080000, 0xb3300000)
  eden space 63488K, 0% used [0x9dd80000,0x9dd80000,0xa1b80000)
  from space 2560K, 99% used [0xa1e00000,0xa207d1d8,0xa2080000)
  to   space 2560K, 0% used [0xa1b80000,0xa1b80000,0xa1e00000)
 ParOldGen       total 41728K, used 15376K [0x73300000, 0x75bc0000, 0x9dd80000)
  object space 41728K, 36% used [0x73300000,0x74204070,0x75bc0000)
 PSPermGen       total 16384K, used 4123K [0x6b300000, 0x6c300000, 0x73300000)
  object space 16384K, 25% used [0x6b300000,0x6b706d80,0x6c300000)
}
Event: 20.005 GC heap before
{Heap before GC invocations=5 (full 0):
 PSYoungGen      total 66048K, used 66036K [0x9dd80000, 0xa2080000, 0xb3300000)
  eden space 63488K, 100% used [0x9dd80000,0xa1b80000,0xa1b80000)
  from space 2560K, 99% used [0xa1e00000,0xa207d1d8,0xa2080000)
  to   space 2560K, 0% used [0xa1b80000,0xa1b80000,0xa1e00000)
 ParOldGen       total 41728K, used 15376K [0x73300000, 0x75bc0000, 0x9dd80000)
  object space 41728K, 36% used [0x73300000,0x74204070,0x75bc0000)
 PSPermGen       total 16384K, used 4154K [0x6b300000, 0x6c300000, 0x73300000)
  object space 16384K, 25% used [0x6b300000,0x6b70eab8,0x6c300000)
Event: 20.346 GC heap after
Heap after GC invocations=5 (full 0):
 PSYoungGen      total 66048K, used 2550K [0x9dd80000, 0xa7380000, 0xb3300000)
  eden space 63488K, 0% used [0x9dd80000,0x9dd80000,0xa1b80000)
  from space 2560K, 99% used [0xa1b80000,0xa1dfdb78,0xa1e00000)
  to   space 13312K, 0% used [0xa6680000,0xa6680000,0xa7380000)
 ParOldGen       total 41728K, used 25366K [0x73300000, 0x75bc0000, 0x9dd80000)
  object space 41728K, 60% used [0x73300000,0x74bc5810,0x75bc0000)
 PSPermGen       total 16384K, used 4154K [0x6b300000, 0x6c300000, 0x73300000)
  object space 16384K, 25% used [0x6b300000,0x6b70eab8,0x6c300000)
}
Event: 26.516 GC heap before
{Heap before GC invocations=6 (full 0):
 PSYoungGen      total 66048K, used 66038K [0x9dd80000, 0xa7380000, 0xb3300000)
  eden space 63488K, 100% used [0x9dd80000,0xa1b80000,0xa1b80000)
  from space 2560K, 99% used [0xa1b80000,0xa1dfdb78,0xa1e00000)
  to   space 13312K, 0% used [0xa6680000,0xa6680000,0xa7380000)
 ParOldGen       total 41728K, used 25366K [0x73300000, 0x75bc0000, 0x9dd80000)
  object space 41728K, 60% used [0x73300000,0x74bc5810,0x75bc0000)
 PSPermGen       total 16384K, used 4170K [0x6b300000, 0x6c300000, 0x73300000)
  object space 16384K, 25% used [0x6b300000,0x6b712b98,0x6c300000)
Event: 26.814 GC heap after
Heap after GC invocations=6 (full 0):
 PSYoungGen      total 138496K, used 12302K [0x9dd80000, 0xa7700000, 0xb3300000)
  eden space 125184K, 0% used [0x9dd80000,0x9dd80000,0xa57c0000)
  from space 13312K, 92% used [0xa6680000,0xa7283aa8,0xa7380000)
  to   space 15104K, 0% used [0xa57c0000,0xa57c0000,0xa6680000)
 ParOldGen       total 41728K, used 25366K [0x73300000, 0x75bc0000, 0x9dd80000)
  object space 41728K, 60% used [0x73300000,0x74bc5810,0x75bc0000)
 PSPermGen       total 16384K, used 4170K [0x6b300000, 0x6c300000, 0x73300000)
  object space 16384K, 25% used [0x6b300000,0x6b712b98,0x6c300000)
}
Event: 33.382 GC heap before
{Heap before GC invocations=7 (full 0):
 PSYoungGen      total 138496K, used 137486K [0x9dd80000, 0xa7700000, 0xb3300000)
  eden space 125184K, 100% used [0x9dd80000,0xa57c0000,0xa57c0000)
  from space 13312K, 92% used [0xa6680000,0xa7283aa8,0xa7380000)
  to   space 15104K, 0% used [0xa57c0000,0xa57c0000,0xa6680000)
 ParOldGen       total 41728K, used 25366K [0x73300000, 0x75bc0000, 0x9dd80000)
  object space 41728K, 60% used [0x73300000,0x74bc5810,0x75bc0000)
 PSPermGen       total 16384K, used 4217K [0x6b300000, 0x6c300000, 0x73300000)
  object space 16384K, 25% used [0x6b300000,0x6b71e580,0x6c300000)

